4991
0 0 0 7
0 8 0 17
0 18 0 25
0 26 1 30
0 31 1 35
0 36 0 44
0 45 0 55
0 56 0 66
0 67 0 76
0 77 0 86
0 87 0 96
0 97 0 107
0 108 0 116
0 117 0 126
0 127 0 135
0 136 0 143
0 144 0 151
0 152 2 154
0 155 0 164
0 165 0 173
0 174 0 182
0 183 1 187
0 188 0 198
0 199 0 206
0 207 0 215
0 216 1 220
0 221 0 231
0 232 0 240
0 241 0 249
1 0 1 9
1 10 2 14
1 15 1 25
1 36 1 44
1 45 1 54
1 55 1 62
1 63 2 67
1 68 8 68
1 71 5 72
1 73 1 83
1 84 1 91
1 92 1 100
1 101 1 108
1 109 1 116
1 117 1 127
1 128 2 132
1 133 1 141
1 142 2 146
1 147 3 149
1 150 10 150
1 151 9 151
1 155 1 163
1 164 2 168
1 169 1 178
1 179 4 180
1 181 8 181
1 189 9 189
1 190 5 191
1 192 9 192
1 193 10 193
1 194 10 194
1 195 10 195
1 196 10 196
1 197 9 197
1 198 5 199
1 200 1 209
1 210 2 214
1 215 10 215
1 221 1 230
1 231 1 240
1 241 2 245
1 246 5 247
1 248 4 249
2 0 3 4
2 5 5 6
2 7 10 7
2 8 10 8
2 15 2 22
2 23 2 30
2 31 4 33
2 34 2 43
2 44 2 52
2 53 2 61
2 62 9 62
2 73 2 80
2 81 2 88
2 89 2 96
2 97 2 104
2 105 2 112
2 113 3 117
2 118 3 122
2 123 3 127
2 133 4 135
2 136 3 140
2 155 3 159
2 160 3 163
2 169 2 178
2 182 3 186
2 187 6 188
2 200 2 208
2 216 2 224
2 225 2 233
2 234 3 238
2 239 12 239
2 240 9 240
3 9 3 18
3 19 3 28
3 29 7 30
3 34 3 44
3 45 3 54
3 55 4 59
3 60 7 61
3 63 4 67
3 73 3 83
3 84 3 91
3 92 3 102
3 103 11 103
3 104 12 104
3 105 12 105
3 106 13 106
3 107 4 111
3 128 11 128
3 130 5 132
3 142 10 142
3 143 5 145
3 146 10 146
3 152 5 154
3 164 4 168
3 169 4 173
3 174 4 178
3 200 5 202
3 203 4 207
3 208 5 210
3 212 5 214
3 216 3 224
3 225 4 229
3 230 5 232
3 233 12 233
3 241 7 242
3 243 5 245
4 0 8 1
4 2 8 3
4 9 4 16
4 17 4 25
4 26 8 27
4 28 11 28
4 34 4 42
4 43 4 53
4 54 14 54
4 69 14 69
4 73 4 81
4 82 11 82
4 83 12 83
4 84 8 85
4 86 4 95
4 96 5 100
4 101 8 102
4 112 5 116
4 117 5 121
4 122 5 126
4 127 12 127
4 136 5 140
4 148 12 148
4 149 13 149
4 155 5 159
4 160 8 161
4 162 12 162
4 163 12 163
4 182 5 186
4 216 4 223
4 224 12 224
4 234 6 236
4 237 12 237
5 9 6 13
5 14 6 18
5 19 12 19
5 20 9 21
5 22 14 22
5 23 9 24
5 25 12 25
5 31 5 40
5 41 5 48
5 49 12 49
5 50 13 50
5 51 7 53
5 55 6 59
5 63 6 67
5 73 5 80
5 81 12 81
5 86 5 94
5 95 14 95
5 107 9 108
5 109 9 110
5 133 7 135
5 141 15 141
5 164 5 171
5 172 5 179
5 180 15 180
5 203 13 203
5 204 8 205
5 206 8 207
5 211 15 211
5 217 13 217
5 218 6 222
5 225 9 226
5 227 7 229
5 248 15 248
5 249 14 249
6 4 8 6
6 31 6 39
6 40 7 44
6 45 13 45
6 46 13 46
6 47 10 48
6 70 6 80
6 86 7 90
6 91 10 92
6 93 10 94
6 97 8 99
6 111 6 120
6 121 7 125
6 126 14 126
6 129 8 131
6 132 13 132
6 136 8 138
6 139 15 139
6 140 14 140
6 143 8 145
6 152 6 159
6 164 6 174
6 175 7 179
6 182 7 186
6 198 7 202
6 208 13 208
6 209 10 210
6 212 8 214
6 230 8 232
6 243 8 245
6 246 9 247
7 9 7 18
7 31 7 38
7 39 14 39
7 55 8 59
7 63 8 67
7 71 11 72
7 73 8 77
7 78 9 80
7 111 8 115
7 116 11 117
7 118 11 119
7 120 17 120
7 152 7 159
7 164 7 171
7 172 11 173
7 174 16 174
7 187 10 188
7 190 11 191
7 218 11 219
7 220 9 222
7 235 15 235
8 9 8 16
8 17 18 17
8 29 8 36
8 38 18 38
8 40 9 44
8 51 10 53
8 60 12 61
8 70 18 70
8 86 9 90
8 96 18 96
8 121 9 125
8 133 10 135
8 152 11 153
8 155 9 159
8 164 9 168
8 169 11 170
8 175 9 179
8 182 9 186
8 198 9 202
8 216 18 216
8 227 11 228
8 229 18 229
8 238 18 238
8 241 12 242
9 0 12 1
9 2 11 4
9 5 12 6
9 9 9 16
9 26 13 27
9 29 9 36
9 55 10 59
9 63 10 67
9 68 16 68
9 73 10 77
9 85 17 85
9 97 10 101
9 102 17 102
9 111 11 113
9 114 13 115
9 130 13 131
9 136 11 138
9 143 13 144
9 145 17 145
9 154 19 154
9 160 19 160
9 161 19 161
9 181 16 181
9 204 13 205
9 206 12 207
9 212 16 212
9 214 17 214
9 230 11 232
9 234 19 234
9 243 18 243
9 244 17 244
9 245 18 245
10 9 14 10
10 11 11 15
10 16 20 16
10 20 14 21
10 24 17 24
10 29 10 36
10 40 11 44
10 62 17 62
10 79 14 80
10 86 11 90
10 107 12 109
10 110 18 110
10 121 11 125
10 151 20 151
10 155 14 156
10 157 18 157
10 158 19 158
10 164 12 166
10 167 14 168
10 171 20 171
10 175 12 177
10 178 20 178
10 182 14 183
10 184 13 185
10 186 17 186
10 189 19 189
10 192 18 192
10 197 11 201
10 220 11 223
10 225 14 226
10 240 18 240
10 246 19 246
10 247 17 247
11 23 21 23
11 29 11 36
11 47 18 47
11 48 18 48
11 51 18 51
11 52 15 53
11 55 12 59
11 63 12 67
11 73 12 77
11 84 21 84
11 91 12 94
11 97 18 97
11 98 13 100
11 101 19 101
11 133 15 134
11 135 20 135
11 146 14 147
11 150 20 150
11 159 21 159
11 179 21 179
11 187 20 187
11 188 18 188
11 193 20 193
11 195 15 196
11 209 15 210
11 215 21 215
12 2 15 3
12 8 22 8
12 11 14 13
12 14 15 15
12 18 22 18
12 28 12 35
12 36 21 36
12 37 22 37
12 40 13 44
12 71 16 72
12 82 22 82
12 86 13 90
12 111 15 112
12 113 21 113
12 116 15 117
12 118 22 118
12 119 19 119
12 121 13 125
12 128 16 129
12 136 14 138
12 152 19 152
12 153 21 153
12 169 16 170
12 172 19 172
12 173 21 173
12 190 21 190
12 191 20 191
12 194 22 194
12 197 20 197
12 198 15 199
12 200 14 202
12 213 22 213
12 218 21 218
12 219 13 223
12 230 14 232
13 0 17 1
13 6 16 7
13 19 22 19
13 25 22 25
13 29 14 33
13 34 16 35
13 49 23 49
13 55 14 59
13 60 17 61
13 63 14 67
13 73 14 77
13 81 21 81
13 91 17 92
13 93 20 93
13 94 20 94
13 104 16 105
13 107 21 107
13 108 23 108
13 109 21 109
13 127 20 127
13 148 20 148
13 162 17 163
13 164 17 165
13 166 23 166
13 175 15 177
13 206 17 207
13 224 22 224
13 227 17 228
13 236 17 237
13 239 21 239
14 4 24 4
14 5 24 5
14 26 18 27
14 40 16 42
14 43 15 46
14 86 15 90
14 98 16 100
14 103 24 103
14 106 21 106
14 114 18 115
14 121 17 122
14 123 16 125
14 130 18 131
14 132 21 132
14 142 17 143
14 144 23 144
14 149 21 149
14 184 17 185
14 203 18 204
14 208 24 208
14 217 22 217
14 219 15 223
14 233 24 233
15 9 16 13
15 20 17 22
15 28 16 32
15 33 24 33
15 39 23 39
15 54 17 56
15 57 19 58
15 59 25 59
15 63 16 67
15 73 17 75
15 76 19 77
15 79 19 80
15 95 25 95
15 126 24 126
15 138 24 138
15 140 23 140
15 146 23 146
15 155 18 156
15 168 24 168
15 182 22 182
15 183 25 183
15 200 17 202
15 225 18 226
15 230 22 230
15 232 24 232
15 241 25 241
15 249 23 249
16 2 23 2
16 3 24 3
16 15 24 15
16 43 18 45
16 46 25 46
16 52 20 53
16 78 26 78
16 86 26 86
16 87 25 87
16 88 18 90
16 112 25 112
16 116 23 116
16 133 20 134
16 136 20 137
16 139 25 139
16 141 24 141
16 175 26 175
16 177 26 177
16 180 23 180
16 195 19 196
16 198 25 198
16 199 23 199
16 210 20 211
16 219 17 223
16 235 26 235
16 248 23 248
17 6 25 6
17 9 18 13
17 14 27 14
17 28 18 32
17 34 26 34
17 35 25 35
17 40 19 42
17 63 18 67
17 68 20 69
17 71 21 72
17 83 27 83
17 98 25 98
17 99 21 100
17 104 20 105
17 111 27 111
17 123 19 125
17 128 21 129
17 147 27 147
17 169 20 170
17 174 27 174
17 181 24 181
17 205 27 205
18 1 27 1
18 20 25 20
18 21 22 22
18 24 25 24
18 54 22 55
18 56 28 56
18 60 20 62
18 73 27 73
18 74 25 74
18 75 28 75
18 85 26 85
18 91 21 92
18 102 28 102
18 120 20 122
18 143 25 143
18 145 27 145
18 162 20 164
18 167 28 167
18 184 20 186
18 200 20 202
18 206 21 207
18 212 28 212
18 219 19 223
18 227 21 228
18 236 22 237
18 244 27 244
18 247 26 247
19 7 29 7
19 9 20 13
19 17 29 17
19 26 20 30
19 31 28 31
19 32 29 32
19 38 26 38
19 43 22 44
19 48 26 48
19 63 20 67
19 88 21 90
19 96 23 97
19 110 26 110
19 114 22 115
19 117 29 117
19 130 29 130
19 131 26 131
19 142 29 142
19 155 26 155
19 156 23 157
19 165 29 165
19 176 29 176
19 188 29 188
19 192 26 192
19 203 22 204
19 216 26 216
19 225 22 226
19 229 29 229
19 238 28 238
19 243 29 243
19 245 26 245
20 40 22 42
20 45 30 45
20 47 30 47
20 50 24 51
20 57 23 58
20 76 29 76
20 77 28 77
20 79 24 80
20 101 27 101
20 119 29 119
20 123 22 125
20 158 28 158
20 160 24 161
20 172 27 172
20 189 30 189
20 195 24 196
20 209 30 209
20 219 21 223
20 234 27 234
20 246 28 246
21 9 22 13
21 16 28 16
21 26 22 30
21 52 29 52
21 53 29 53
21 60 21 67
21 68 31 68
21 69 25 70
21 93 25 94
21 104 25 105
21 120 23 122
21 127 30 127
21 133 22 137
21 148 28 148
21 150 23 152
21 162 24 163
21 171 28 171
21 178 28 178
21 184 25 185
21 186 24 187
21 191 28 191
21 193 28 193
21 197 31 197
21 200 29 200
21 201 25 202
21 210 25 211
22 23 29 23
22 36 29 36
22 60 24 62
22 63 23 67
22 71 32 71
22 72 32 72
22 84 32 84
22 88 31 88
22 89 24 91
22 92 30 92
22 99 25 100
22 106 26 107
22 109 29 109
22 113 30 113
22 128 29 128
22 132 30 132
22 149 29 149
22 153 25 154
22 159 31 159
22 169 26 170
22 173 31 173
22 179 32 179
22 206 26 207
22 214 25 215
22 218 23 222
22 227 26 228
22 239 25 240
23 0 33 0
23 8 25 10
23 11 30 11
23 12 27 13
23 18 26 19
23 25 25 27
23 30 31 30
23 37 30 37
23 41 25 43
23 44 33 44
23 54 27 55
23 81 27 82
23 114 27 115
23 118 30 118
23 123 27 124
23 125 32 125
23 133 24 137
23 182 31 182
23 194 32 194
23 203 31 203
23 213 30 213
23 217 31 217
23 223 24 226
23 230 26 231
23 236 26 237
24 21 34 21
24 39 33 39
24 40 34 40
24 49 32 49
24 57 33 57
24 58 32 58
24 63 25 67
24 96 33 96
24 97 34 97
24 120 31 120
24 121 34 121
24 144 34 144
24 146 34 146
24 150 26 152
24 156 27 157
24 166 34 166
24 180 33 180
24 218 33 218
24 219 28 220
24 221 33 221
24 248 28 249
25 3 33 3
25 4 29 5
25 15 34 15
25 28 35 28
25 33 35 33
25 50 28 51
25 60 33 60
25 61 34 61
25 62 33 62
25 79 29 80
25 89 33 89
25 90 29 91
25 103 34 103
25 108 35 108
25 116 35 116
25 133 26 137
25 138 33 138
25 140 28 141
25 160 26 164
25 168 33 168
25 181 33 181
25 186 34 186
25 187 34 187
25 190 35 190
25 195 29 196
25 222 26 226
25 233 33 233
25 242 35 242
26 6 33 6
26 8 28 10
26 20 35 20
26 24 28 26
26 27 34 27
26 41 30 42
26 43 35 43
26 46 33 46
26 59 33 59
26 63 27 67
26 69 30 70
26 87 35 87
26 93 28 95
26 98 36 98
26 100 34 100
26 104 30 105
26 112 34 112
26 126 36 126
26 139 35 139
26 153 29 154
26 183 30 184
26 185 34 185
26 198 36 198
26 201 36 201
26 202 33 202
26 210 30 211
26 214 29 215
26 239 35 239
26 241 35 241
27 2 37 2
27 18 35 18
27 19 37 19
27 34 36 34
27 38 34 38
27 48 34 48
27 74 37 74
27 78 34 78
27 85 35 85
27 106 31 107
27 110 37 110
27 122 37 122
27 133 29 135
27 136 34 136
27 137 37 137
27 150 29 152
27 155 36 155
27 160 29 162
27 163 31 164
27 169 31 170
27 192 36 192
27 206 29 208
27 216 37 216
27 222 28 226
27 228 34 228
27 230 29 232
27 237 35 237
27 240 37 240
27 245 35 245
28 1 37 1
28 12 32 13
28 54 32 55
28 63 29 67
28 73 38 73
28 82 37 82
28 83 38 83
28 101 35 101
28 111 37 111
28 114 32 115
28 124 38 124
28 131 38 131
28 145 35 145
28 156 31 157
28 174 35 174
28 204 32 205
28 234 30 236
28 244 35 244
29 9 33 10
29 14 39 14
29 16 36 16
29 22 39 22
29 24 31 26
29 31 36 31
29 50 32 51
29 56 36 56
29 75 36 75
29 77 37 77
29 93 33 94
29 95 37 95
29 99 39 99
29 102 37 102
29 123 39 123
29 129 39 129
29 140 39 140
29 141 36 141
29 143 39 143
29 147 33 148
29 167 37 167
29 171 32 172
29 177 33 178
29 191 37 191
29 193 38 193
29 212 37 212
29 219 32 220
29 222 30 226
29 227 39 227
29 246 36 246
29 247 39 247
29 249 37 249
30 5 37 5
30 7 37 7
30 8 40 8
30 17 38 17
30 23 37 23
30 32 38 32
30 35 33 36
30 63 32 65
30 66 40 66
30 67 38 67
30 76 37 76
30 79 32 81
30 91 38 91
30 109 37 109
30 117 38 117
30 128 37 128
30 133 32 135
30 142 37 142
30 149 31 153
30 154 39 154
30 158 40 158
30 160 39 160
30 161 34 162
30 165 39 165
30 176 37 176
30 188 38 188
30 196 40 196
30 200 40 200
30 207 38 207
30 208 40 208
30 214 33 215
30 229 31 232
30 243 40 243
31 11 39 11
31 37 40 37
31 41 40 41
31 42 41 42
31 47 39 47
31 52 41 52
31 69 40 69
31 92 38 92
31 104 41 104
31 118 34 119
31 127 39 127
31 130 41 130
31 183 40 183
31 206 41 206
31 209 33 211
31 213 41 213
31 222 32 226
31 234 39 234
31 236 41 236
31 248 41 248
32 24 35 25
32 29 42 29
32 30 39 30
32 68 39 68
32 88 40 88
32 105 42 105
32 106 39 106
32 107 39 107
32 120 40 120
32 149 33 153
32 157 40 157
32 163 41 163
32 164 42 164
32 169 36 170
32 173 39 173
32 182 41 182
32 197 39 197
32 203 40 203
32 217 42 217
32 229 36 230
32 231 35 232
32 235 42 235
33 12 40 12
33 13 41 13
33 49 35 51
33 53 35 55
33 58 41 58
33 63 37 64
33 65 41 65
33 71 37 72
33 79 35 81
33 86 43 86
33 114 37 115
33 125 43 125
33 133 42 133
33 134 41 134
33 135 40 135
33 159 43 159
33 171 36 172
33 179 42 179
33 184 43 184
33 194 36 195
33 204 37 205
33 219 37 220
33 222 37 223
33 224 35 226
34 3 44 3
34 6 41 6
34 9 38 10
34 35 42 35
34 36 43 36
34 44 41 44
34 59 37 60
34 89 38 90
34 93 42 93
34 94 43 94
34 138 43 138
34 147 44 147
34 148 35 152
34 168 44 168
34 177 38 178
34 180 38 181
34 209 43 209
34 210 37 211
34 214 37 215
34 218 42 218
34 221 41 221
34 233 43 233
34 238 44 238
35 15 44 15
35 26 38 27
35 38 38 39
35 57 45 57
35 61 44 61
35 70 45 70
35 78 43 78
35 97 42 97
35 103 44 103
35 112 39 113
35 121 44 121
35 136 42 136
35 144 42 144
35 146 44 146
35 156 45 156
35 161 39 162
35 166 43 166
35 186 39 187
35 202 45 202
35 228 42 228
36 4 46 4
36 18 45 18
36 20 45 20
36 24 43 24
36 25 44 25
36 28 45 28
36 33 44 33
36 43 44 43
36 48 38 50
36 51 45 51
36 53 40 54
36 55 44 55
36 62 46 62
36 79 38 81
36 84 40 85
36 87 44 87
36 100 39 101
36 108 44 108
36 116 45 116
36 119 46 119
36 139 44 139
36 145 43 145
36 148 37 152
36 174 40 175
36 185 46 185
36 189 40 190
36 199 46 199
36 224 45 224
36 225 40 226
36 231 40 232
36 237 44 237
36 239 46 239
36 241 40 242
36 244 40 245
37 16 46 16
37 31 46 31
37 34 44 34
37 45 41 46
37 75 44 75
37 98 46 98
37 126 44 126
37 155 46 155
37 169 40 170
37 171 41 172
37 192 47 192
37 194 45 194
37 195 47 195
37 198 45 198
37 201 47 201
37 229 47 229
37 230 45 230
37 246 44 246
38 1 42 2
38 5 46 5
38 7 48 7
38 21 48 21
38 59 41 60
38 63 45 63
38 64 47 64
38 71 42 72
38 74 47 74
38 76 42 77
38 82 48 82
38 102 45 102
38 109 46 109
38 110 42 111
38 114 46 114
38 115 46 115
38 122 45 122
38 128 46 128
38 137 45 137
38 141 48 141
38 142 47 142
38 148 40 150
38 151 48 151
38 152 41 153
38 167 47 167
38 176 45 176
38 191 45 191
38 204 41 205
38 210 42 211
38 214 40 216
38 219 41 220
38 222 41 223
38 240 47 240
38 249 45 249
39 9 43 10
39 17 46 17
39 26 49 26
39 27 46 27
39 32 46 32
39 38 46 38
39 39 47 39
39 40 49 40
39 48 49 48
39 49 48 49
39 50 49 50
39 67 46 67
39 79 41 81
39 83 49 83
39 89 40 92
39 117 48 117
39 124 46 124
39 131 43 132
39 177 48 177
39 180 48 180
39 181 48 181
39 188 49 188
39 193 47 193
39 207 46 207
40 11 49 11
40 14 49 14
40 22 44 23
40 30 50 30
40 47 48 47
40 68 49 68
40 73 50 73
40 95 44 96
40 99 49 99
40 101 49 101
40 106 47 106
40 107 47 107
40 112 44 113
40 123 47 123
40 129 49 129
40 140 48 140
40 154 47 154
40 160 44 161
40 162 49 162
40 165 48 165
40 173 47 173
40 178 50 178
40 186 43 187
40 197 49 197
40 227 47 227
40 247 50 247
41 12 48 12
41 37 48 37
41 41 49 41
41 53 44 54
41 69 48 69
41 84 50 84
41 88 42 92
41 120 48 120
41 135 50 135
41 148 49 148
41 150 50 150
41 157 45 158
41 169 45 170
41 174 45 175
41 189 45 190
41 196 50 196
41 200 49 200
41 203 50 203
41 208 50 208
41 212 51 212
41 214 44 215
41 225 50 225
41 226 50 226
41 231 48 231
41 232 48 232
41 234 51 234
41 241 42 245
42 6 50 6
42 13 50 13
42 42 51 42
42 44 50 44
42 45 50 45
42 46 52 46
42 52 49 52
42 58 46 59
42 60 50 60
42 65 49 65
42 66 52 66
42 79 44 81
42 85 52 85
42 104 50 104
42 130 50 130
42 152 50 152
42 163 50 163
42 171 45 172
42 182 52 182
42 183 52 183
42 204 44 206
42 213 52 213
42 219 43 223
42 236 52 236
42 248 50 248
43 0 47 1
43 2 50 2
43 8 53 8
43 29 50 29
43 35 52 35
43 71 47 72
43 76 47 77
43 88 44 92
43 105 51 105
43 110 47 111
43 127 53 127
43 133 47 134
43 144 50 144
43 149 53 149
43 164 50 164
43 179 51 179
43 210 47 211
43 216 53 216
43 218 50 218
43 235 52 235
43 241 45 243
43 244 46 245
44 9 48 10
44 24 52 24
44 36 51 36
44 78 53 78
44 86 51 86
44 94 52 94
44 97 54 97
44 118 54 118
44 125 52 125
44 136 54 136
44 138 53 138
44 145 53 145
44 159 52 159
44 166 53 166
44 184 52 184
44 186 47 187
44 219 45 223
44 233 52 233
45 3 52 3
45 15 53 15
45 22 48 23
45 33 48 34
45 43 53 43
45 53 47 55
45 61 52 61
45 75 52 75
45 79 47 81
45 87 48 88
45 89 46 93
45 95 52 95
45 96 55 96
45 100 55 100
45 103 54 103
45 108 52 108
45 112 49 113
45 126 54 126
45 131 55 131
45 139 54 139
45 146 49 147
45 160 48 161
45 168 53 168
45 204 47 206
45 214 49 215
45 237 49 238
45 246 55 246
46 18 48 20
46 25 56 25
46 28 54 28
46 51 54 51
46 57 54 57
46 63 53 63
46 70 55 70
46 116 53 116
46 122 56 122
46 137 53 137
46 153 56 153
46 156 48 158
46 169 48 171
46 172 54 172
46 174 48 176
46 189 50 190
46 191 53 191
46 198 54 198
46 219 47 223
46 224 55 224
46 230 53 230
46 241 48 243
47 4 50 5
47 16 50 17
47 27 56 27
47 31 56 31
47 38 55 38
47 58 50 59
47 62 55 62
47 67 56 67
47 89 48 93
47 98 54 98
47 109 55 109
47 114 51 115
47 119 54 119
47 124 56 124
47 128 55 128
47 155 55 155
47 185 55 185
47 199 55 199
47 217 57 217
47 239 54 239
47 244 57 244
48 0 51 1
48 39 55 39
48 53 58 53
48 55 57 55
48 56 58 56
48 64 57 64
48 71 52 72
48 74 55 74
48 76 52 77
48 79 51 80
48 81 56 81
48 106 55 106
48 107 57 107
48 110 51 111
48 132 50 134
48 142 52 143
48 154 56 154
48 167 55 167
48 186 57 186
48 187 55 187
48 192 50 194
48 195 56 195
48 201 51 202
48 204 50 206
48 211 55 211
48 219 50 221
48 222 52 223
48 228 51 229
49 7 59 7
49 9 53 10
49 12 57 12
49 19 57 19
49 20 59 20
49 21 51 23
49 32 52 33
49 37 59 37
49 69 56 69
49 87 56 87
49 88 50 92
49 93 56 93
49 117 57 117
49 120 53 121
49 140 52 141
49 151 58 151
49 157 52 158
49 160 53 161
49 165 57 165
49 169 51 171
49 173 50 177
49 180 52 181
49 227 59 227
49 231 53 232
49 240 53 241
49 242 56 242
49 249 59 249
50 11 60 11
50 14 58 14
50 26 57 26
50 34 60 34
50 40 54 41
50 47 52 49
50 50 58 50
50 54 60 54
50 65 59 65
50 68 60 68
50 82 53 83
50 99 58 99
50 112 54 113
50 147 54 148
50 162 57 162
50 188 60 188
50 200 58 200
50 214 54 215
51 2 61 2
51 4 53 6
51 13 59 13
51 16 61 16
51 17 55 18
51 29 54 30
51 44 54 45
51 58 53 60
51 73 60 73
51 84 60 84
51 88 52 92
51 101 61 101
51 102 61 102
51 104 58 104
51 129 55 130
51 132 53 134
51 135 59 135
51 144 59 144
51 150 60 150
51 163 58 163
51 164 60 164
51 173 52 177
51 178 60 178
51 192 55 193
51 194 60 194
51 196 55 197
51 203 52 207
51 208 60 208
51 209 61 209
51 218 52 221
51 225 55 226
51 247 55 248
52 0 56 1
52 21 55 22
52 23 62 23
52 36 60 36
52 79 56 80
52 86 61 86
52 105 59 105
52 110 56 111
52 114 62 114
52 115 59 115
52 146 62 146
52 169 54 171
52 179 59 179
52 189 62 189
52 201 55 202
52 210 62 210
52 212 61 212
52 228 56 229
52 234 61 234
52 237 62 237
52 238 62 238
53 3 62 3
53 24 63 24
53 32 56 33
53 46 54 49
53 52 63 52
53 61 62 61
53 66 63 66
53 71 56 72
53 75 55 77
53 85 60 85
53 88 54 92
53 94 56 95
53 108 63 108
53 125 60 125
53 140 57 141
53 142 56 143
53 157 55 159
53 173 55 175
53 176 56 177
53 180 54 184
53 203 62 203
53 204 55 206
53 213 60 213
53 218 55 220
53 221 55 223
53 233 61 233
53 235 56 236
54 4 58 5
54 8 57 9
54 10 62 10
54 42 57 43
54 58 57 59
54 60 61 60
54 63 62 63
54 78 62 78
54 82 57 83
54 116 64 116
54 120 57 121
54 127 62 127
54 132 58 133
54 134 62 134
54 137 57 138
54 145 62 145
54 149 61 149
54 160 58 161
54 168 64 168
54 191 63 191
54 230 56 232
54 241 61 241
55 15 65 15
55 28 57 30
55 40 59 41
55 44 56 48
55 57 65 57
55 88 56 92
55 97 58 98
55 103 65 103
55 112 59 113
55 118 59 119
55 126 64 126
55 136 62 136
55 147 65 147
55 169 58 170
55 171 58 172
55 180 56 184
55 198 63 198
55 214 59 215
55 239 63 239
55 240 65 240
56 17 59 18
56 22 63 22
56 38 59 39
56 49 66 49
56 74 57 77
56 96 64 96
56 100 63 100
56 109 64 109
56 128 58 130
56 131 64 131
56 152 66 152
56 155 57 159
56 167 65 167
56 173 60 174
56 175 65 175
56 185 64 185
56 190 66 190
56 193 66 193
56 196 59 197
56 201 59 202
56 204 57 207
56 211 63 211
56 218 57 222
56 223 58 225
56 245 57 248
57 0 61 1
57 25 64 25
57 27 67 27
57 31 61 32
57 44 58 48
57 51 67 51
57 67 65 67
57 69 61 70
57 71 61 72
57 79 60 80
57 81 66 81
57 87 57 95
57 110 66 110
57 111 64 111
57 122 59 124
57 139 67 139
57 142 60 143
57 153 61 154
57 176 61 177
57 180 58 184
57 195 65 195
57 216 67 216
57 226 67 226
57 228 58 232
57 242 64 242
57 243 67 243
58 8 61 9
58 12 66 12
58 19 66 19
58 26 68 26
58 28 65 28
58 29 66 29
58 42 67 42
58 55 65 55
58 58 61 59
58 64 67 64
58 74 60 76
58 82 66 82
58 87 59 91
58 93 65 93
58 94 67 94
58 95 65 95
58 106 68 106
58 107 66 107
58 120 66 120
58 121 68 121
58 137 61 138
58 140 62 141
58 155 65 155
58 156 60 158
58 159 66 159
58 162 68 162
58 165 66 165
58 186 62 187
58 204 65 204
58 205 62 206
58 207 68 207
58 217 59 221
58 222 68 222
58 244 59 248
59 4 63 5
59 14 67 14
59 44 62 45
59 46 66 46
59 47 63 48
59 53 68 53
59 56 66 56
59 62 69 62
59 83 69 83
59 97 63 98
59 99 67 99
59 104 67 104
59 117 69 117
59 128 61 130
59 132 69 132
59 133 69 133
59 151 67 151
59 160 63 161
59 163 68 163
59 169 69 169
59 171 68 171
59 172 67 172
59 180 60 184
59 199 63 200
59 223 61 225
59 228 60 232
60 6 64 7
60 13 70 13
60 17 63 18
60 20 67 20
60 30 70 30
60 33 70 33
60 37 67 37
60 39 62 41
60 65 67 65
60 87 61 91
60 105 68 105
60 112 67 112
60 113 68 113
60 118 64 119
60 122 62 124
60 135 67 135
60 144 68 144
60 148 70 148
60 179 68 179
60 196 64 197
60 201 64 202
60 214 64 215
60 217 61 221
60 227 67 227
60 244 61 248
60 249 69 249
61 11 70 11
61 34 63 36
61 68 71 68
61 73 64 74
61 75 65 76
61 79 65 80
61 84 65 85
61 142 65 143
61 150 71 150
61 156 63 158
61 164 70 164
61 173 65 174
61 178 69 178
61 180 62 184
61 188 69 188
61 194 69 194
61 208 70 208
61 213 68 213
61 228 62 232
62 0 71 0
62 1 66 2
62 8 66 9
62 16 72 16
62 31 65 32
62 38 72 38
62 50 72 50
62 59 66 60
62 69 63 72
62 86 64 88
62 89 64 91
62 101 66 102
62 125 72 125
62 129 72 129
62 130 71 130
62 137 66 138
62 149 69 149
62 153 71 153
62 166 72 166
62 176 66 177
62 212 70 212
62 217 63 221
62 223 64 225
62 233 63 236
62 241 70 241
62 244 63 248
63 3 70 3
63 39 66 40
63 43 66 44
63 45 70 45
63 54 73 54
63 61 73 61
63 63 71 63
63 77 67 78
63 92 73 92
63 114 67 115
63 123 67 124
63 127 67 128
63 136 72 136
63 140 66 141
63 145 67 146
63 180 66 181
63 183 67 184
63 186 67 187
63 189 73 189
63 203 70 203
63 205 66 206
63 210 70 210
63 228 64 232
63 238 70 238
64 4 71 4
64 17 68 18
64 22 66 24
64 34 66 36
64 47 67 48
64 66 72 66
64 69 66 71
64 72 72 72
64 97 68 98
64 108 74 108
64 122 74 122
64 156 68 157
64 158 71 158
64 160 68 161
64 191 74 191
64 199 71 199
64 211 74 211
64 217 67 218
64 219 68 220
64 221 72 221
64 233 66 235
64 244 65 248
65 7 74 7
65 25 73 25
65 41 75 41
65 73 72 73
65 74 72 74
65 86 66 90
65 91 75 91
65 109 72 109
65 118 69 119
65 126 72 126
65 168 75 168
65 192 75 192
65 196 73 196
65 197 73 197
65 201 69 202
65 214 69 215
65 223 67 225
65 228 66 232
65 237 75 237
65 242 72 242
66 5 76 5
66 10 76 10
66 15 73 15
66 28 74 28
66 31 69 32
66 55 74 55
66 57 75 57
66 75 69 76
66 79 69 80
66 84 70 85
66 93 73 93
66 95 70 96
66 103 73 103
66 142 69 143
66 147 73 147
66 167 76 167
66 173 68 175
66 195 74 195
66 204 73 204
66 244 68 246
66 247 69 248
67 1 70 2
67 8 71 9
67 12 75 12
67 19 75 19
67 21 68 24
67 34 69 36
67 39 74 39
67 40 77 40
67 46 76 46
67 49 77 49
67 56 76 56
67 58 69 60
67 69 69 71
67 81 70 82
67 86 68 90
67 100 70 101
67 102 74 102
67 107 74 107
67 110 71 111
67 137 70 138
67 140 71 141
67 152 74 152
67 159 76 159
67 176 70 177
67 180 69 182
67 190 76 190
67 193 74 193
67 205 75 205
67 206 76 206
67 209 77 209
67 228 71 229
67 230 69 232
67 234 76 234
67 235 75 235
68 6 78 6
68 14 78 14
68 20 75 20
68 37 76 37
68 42 75 42
68 47 76 47
68 48 77 48
68 52 78 52
68 64 71 65
68 67 78 67
68 77 71 78
68 112 75 112
68 114 72 115
68 116 78 116
68 120 78 120
68 123 72 124
68 127 72 128
68 131 78 131
68 134 72 135
68 139 75 139
68 145 72 146
68 151 75 151
68 165 78 165
68 170 78 170
68 172 75 172
68 183 70 185
68 186 72 187
68 198 78 198
68 200 78 200
68 216 70 218
68 224 70 226
68 227 75 227
68 236 78 236
68 243 76 243
69 17 73 18
69 22 73 23
69 24 79 24
69 26 76 26
69 44 79 44
69 51 79 51
69 53 78 53
69 86 70 90
69 94 79 94
69 97 71 99
69 105 79 105
69 106 77 106
69 113 78 113
69 121 79 121
69 144 77 144
69 154 70 157
69 160 71 162
69 163 77 163
69 173 71 175
69 179 78 179
69 207 79 207
69 213 76 213
69 219 72 220
69 223 79 223
69 239 73 240
69 244 71 246
70 21 80 21
70 29 80 29
70 31 77 31
70 32 80 32
70 34 72 36
70 58 72 60
70 62 77 62
70 69 77 69
70 71 77 71
70 79 74 80
70 83 78 83
70 117 73 118
70 132 78 132
70 142 74 143
70 149 77 149
70 169 77 169
70 178 79 178
70 180 73 181
70 194 77 194
70 201 74 202
70 214 74 215
70 222 80 222
70 230 73 231
70 232 78 232
70 233 80 233
70 247 72 249
71 1 74 2
71 3 80 3
71 11 78 11
71 33 80 33
71 45 80 45
71 81 80 81
71 82 80 82
71 84 72 88
71 89 74 90
71 95 74 96
71 100 75 101
71 104 81 104
71 137 74 138
71 154 81 154
71 156 80 156
71 157 80 157
71 164 81 164
71 176 74 177
71 183 73 185
71 188 81 188
71 203 79 203
71 208 79 208
71 210 81 210
71 212 79 212
71 216 79 216
71 217 75 218
71 224 73 226
71 238 80 238
72 4 82 4
72 8 75 9
72 13 82 13
72 30 82 30
72 43 82 43
72 63 74 65
72 68 79 68
72 75 73 78
72 97 76 98
72 111 81 111
72 130 80 130
72 133 82 133
72 140 76 141
72 150 82 150
72 153 81 153
72 158 80 158
72 160 74 162
72 171 82 171
72 173 76 174
72 175 79 175
72 228 79 228
72 229 79 229
72 244 74 246
73 0 83 0
73 16 81 16
73 34 75 36
73 58 76 59
73 60 80 60
73 66 80 66
73 72 75 74
73 84 76 85
73 86 75 88
73 99 83 99
73 109 77 110
73 114 77 115
73 123 74 127
73 128 76 129
73 134 75 136
73 145 81 145
73 146 83 146
73 148 83 148
73 166 81 166
73 187 80 187
73 219 76 220
73 247 77 248
73 249 81 249
74 15 81 15
74 17 78 18
74 22 78 23
74 25 83 25
74 50 84 50
74 54 81 54
74 61 84 61
74 75 82 75
74 76 76 78
74 92 77 93
74 103 84 103
74 118 83 118
74 147 82 147
74 180 75 184
74 185 78 186
74 196 78 197
74 204 82 204
74 224 76 226
74 230 78 231
74 241 78 242
75 1 82 1
75 7 84 7
75 27 85 27
75 28 84 28
75 63 84 63
75 64 82 64
75 65 83 65
75 79 79 80
75 89 82 89
75 90 85 90
75 95 79 96
75 102 82 102
75 107 78 108
75 122 76 126
75 127 82 127
75 137 78 138
75 142 79 143
75 152 84 152
75 160 77 162
75 176 79 177
75 191 83 191
75 193 82 193
75 201 79 202
75 214 82 214
75 244 77 246
76 8 80 9
76 19 80 20
76 34 78 36
76 38 80 39
76 41 80 42
76 57 84 57
76 72 78 74
76 86 84 86
76 88 84 88
76 91 85 91
76 100 86 100
76 101 86 101
76 112 83 112
76 119 86 119
76 134 78 136
76 151 83 151
76 168 84 168
76 172 86 172
76 180 77 184
76 189 86 189
76 192 84 192
76 211 86 211
76 215 86 215
76 217 79 218
76 227 83 227
76 235 83 235
76 237 83 237
76 239 86 239
77 2 87 2
77 5 84 5
77 10 85 10
77 26 86 26
77 37 85 37
77 46 81 47
77 55 81 56
77 58 80 59
77 78 84 78
77 84 81 85
77 97 81 98
77 122 87 122
77 123 81 124
77 125 80 126
77 128 86 128
77 129 87 129
77 139 79 141
77 155 87 155
77 167 84 167
77 173 86 173
77 174 87 174
77 190 84 190
77 205 80 206
77 219 79 221
77 224 79 226
77 234 85 234
78 31 86 31
78 40 86 40
78 48 81 49
78 62 88 62
78 69 87 69
78 71 85 71
78 92 82 93
78 106 85 106
78 109 81 110
78 114 81 115
78 144 88 144
78 149 87 149
78 159 79 163
78 169 87 169
78 180 79 184
78 209 86 209
78 243 80 245
78 246 80 248
79 6 86 6
79 11 88 11
79 14 88 14
79 17 83 18
79 22 82 23
79 34 81 36
79 52 83 53
79 73 82 74
79 107 83 108
79 116 82 117
79 131 83 132
79 134 80 138
79 165 88 165
79 170 86 170
79 179 86 179
79 197 82 198
79 199 89 199
79 230 88 230
79 231 83 232
79 236 86 236
79 241 82 242
80 24 88 24
80 44 89 44
80 51 87 51
80 76 90 76
80 79 84 80
80 83 90 83
80 87 90 87
80 94 82 96
80 121 88 121
80 139 81 143
80 159 81 163
80 175 81 178
80 180 81 184
80 186 90 186
80 200 82 202
80 203 88 203
80 207 89 207
80 208 89 208
80 212 84 213
80 216 82 218
80 219 83 220
80 223 84 224
80 225 83 226
80 228 89 228
80 229 88 229
81 8 85 9
81 19 85 20
81 21 88 21
81 29 90 29
81 33 90 33
81 39 91 39
81 41 85 42
81 58 85 59
81 60 90 60
81 66 91 66
81 70 91 70
81 72 91 72
81 81 85 82
81 105 91 105
81 113 91 113
81 125 85 126
81 130 89 130
81 134 82 138
81 156 85 157
81 158 88 158
81 187 90 187
81 206 89 206
81 221 85 222
81 238 90 238
81 240 91 240
81 243 82 247
81 248 88 248
82 15 86 16
82 34 84 36
82 45 83 49
82 54 90 54
82 55 86 56
82 67 92 67
82 84 89 84
82 98 90 98
82 104 89 104
82 109 86 110
82 111 90 111
82 114 86 115
82 123 85 124
82 139 86 140
82 141 90 141
82 142 91 142
82 145 89 145
82 153 85 154
82 159 92 159
82 162 85 163
82 164 91 164
82 166 90 166
82 175 86 176
82 177 85 178
82 180 83 184
82 194 92 194
82 210 89 210
83 1 92 1
83 3 86 4
83 22 87 23
83 30 92 30
83 64 90 64
83 73 85 75
83 77 93 77
83 89 90 89
83 92 86 93
83 94 92 94
83 95 92 95
83 96 86 97
83 117 90 117
83 133 84 137
83 143 93 143
83 147 90 147
83 150 90 150
83 171 90 171
83 188 93 188
83 193 93 193
83 196 87 197
83 198 90 198
83 200 87 201
83 202 90 202
83 204 87 205
83 214 92 214
83 216 85 218
83 233 93 233
83 241 84 245
83 246 87 247
84 0 92 0
84 12 88 13
84 17 87 18
84 25 93 25
84 45 85 49
84 52 88 53
84 65 92 65
84 85 94 85
84 107 91 107
84 108 93 108
84 112 93 112
84 116 94 116
84 118 91 118
84 131 92 131
84 132 93 132
84 161 94 161
84 180 85 184
84 195 94 195
84 219 87 220
84 225 91 225
84 226 94 226
84 227 91 227
84 231 88 232
84 235 94 235
84 237 92 237
85 5 92 5
85 7 94 7
85 28 94 28
85 34 89 35
85 36 92 36
85 38 95 38
85 50 92 50
85 61 94 61
85 63 93 63
85 78 88 79
85 80 94 80
85 86 93 86
85 88 93 88
85 102 89 103
85 133 86 137
85 148 95 148
85 167 89 168
85 185 95 185
85 190 87 192
85 212 88 213
85 223 89 224
85 241 86 245
86 8 90 9
86 10 96 10
86 19 95 19
86 27 93 27
86 41 88 43
86 45 87 49
86 57 88 59
86 71 94 71
86 73 90 74
86 75 93 75
86 81 90 82
86 90 90 91
86 106 96 106
86 120 96 120
86 123 90 124
86 126 90 127
86 152 88 154
86 156 90 157
86 162 89 163
86 177 90 178
86 180 87 184
86 216 89 217
86 221 95 221
86 234 96 234
87 3 90 4
87 6 97 6
87 15 91 16
87 20 97 20
87 26 94 26
87 31 95 31
87 40 94 40
87 55 97 55
87 56 94 56
87 92 91 93
87 96 90 97
87 99 89 101
87 109 91 110
87 115 94 115
87 119 95 119
87 128 95 128
87 133 89 135
87 136 88 140
87 151 97 151
87 170 96 170
87 172 91 173
87 175 90 176
87 189 95 189
87 209 97 209
87 218 97 218
87 222 97 222
87 236 95 236
87 241 88 245
87 249 97 249
88 2 96 2
88 18 96 18
88 22 91 23
88 32 98 32
88 37 98 37
88 45 89 49
88 51 95 51
88 69 98 69
88 122 97 122
88 129 95 129
88 149 97 149
88 169 95 169
88 174 95 174
88 179 89 183
88 190 92 191
88 192 98 192
88 197 95 197
88 200 92 201
88 204 91 205
88 219 91 220
88 239 98 239
88 247 96 247
89 11 99 11
89 12 99 12
89 13 99 13
89 14 99 14
89 17 99 17
89 41 98 41
89 42 97 42
89 52 97 52
89 53 96 53
89 57 91 59
89 62 99 62
89 78 92 79
89 125 99 125
89 136 90 140
89 144 97 144
89 152 90 155
89 158 97 158
89 211 91 213
89 229 90 232
89 241 91 243
89 244 91 246
89 248 98 248
90 24 100 24
90 34 93 35
90 44 91 48
90 49 98 49
90 84 98 84
90 99 91 103
90 104 98 104
90 130 99 130
90 133 94 134
90 135 100 135
90 145 98 145
90 162 94 163
90 168 99 168
90 179 91 183
90 206 94 207
90 208 97 208
90 210 97 210
90 216 94 217
90 228 97 228
91 3 101 3
91 4 98 4
91 8 98 8
91 9 101 9
91 29 100 29
91 33 98 33
91 54 98 54
91 60 100 60
91 68 101 68
91 73 95 74
91 76 100 76
91 82 94 83
91 87 101 87
91 89 93 91
91 96 93 98
91 111 101 111
91 117 101 117
91 123 94 124
91 126 94 127
91 136 92 140
91 141 98 141
91 146 95 147
91 152 95 153
91 154 95 155
91 156 95 157
91 165 93 167
91 176 93 178
91 186 98 186
91 187 101 187
91 198 100 198
91 199 101 199
91 202 95 203
91 223 95 224
91 229 95 230
91 232 101 232
91 238 99 238
92 21 94 23
92 39 101 39
92 43 93 47
92 48 100 48
92 57 94 59
92 64 102 64
92 66 100 66
92 72 100 72
92 92 96 93
92 99 96 100
92 102 99 102
92 103 100 103
92 105 100 105
92 107 99 107
92 109 96 110
92 113 96 114
92 118 100 118
92 142 102 142
92 160 102 160
92 164 99 164
92 171 96 172
92 175 102 175
92 179 93 183
92 196 102 196
92 204 101 204
92 205 101 205
92 211 96 212
92 213 101 213
92 215 102 215
92 219 101 219
92 225 99 225
92 227 100 227
92 240 102 240
92 241 96 242
92 243 94 245
93 1 100 1
93 5 101 5
93 30 100 30
93 36 100 36
93 50 101 50
93 65 102 65
93 70 103 70
93 78 100 78
93 79 103 79
93 94 97 95
93 101 103 101
93 131 101 131
93 136 94 140
93 159 100 159
93 190 97 191
93 194 101 194
93 200 97 201
93 214 102 214
93 231 103 231
93 237 103 237
94 16 104 16
94 27 102 27
94 35 102 35
94 43 95 47
94 67 104 67
94 75 101 75
94 77 102 77
94 86 102 86
94 88 98 89
94 90 98 91
94 96 96 98
94 108 104 108
94 112 102 112
94 132 104 132
94 143 103 143
94 165 103 165
94 166 98 167
94 176 94 183
94 188 104 188
94 193 103 193
94 233 104 233
94 246 104 246
95 7 105 7
95 15 105 15
95 22 104 22
95 23 102 23
95 25 98 26
95 40 105 40
95 56 97 58
95 59 105 59
95 61 104 61
95 63 105 63
95 80 96 83
95 85 103 85
95 115 103 115
95 116 105 116
95 123 103 123
95 124 105 124
95 126 105 126
95 127 105 127
95 134 104 134
95 136 96 140
95 161 99 162
95 176 96 180
95 181 97 183
95 195 102 195
95 206 99 207
95 216 99 217
95 220 105 220
95 226 105 226
95 235 104 235
95 243 97 245
96 19 105 19
96 31 105 31
96 34 106 34
96 43 97 47
96 51 105 51
96 73 99 74
96 146 98 148
96 150 106 150
96 152 100 153
96 154 98 156
96 157 106 157
96 174 103 174
96 185 106 185
96 189 103 189
96 197 103 197
96 202 104 202
96 203 106 203
96 221 106 221
96 223 105 223
96 229 99 230
96 236 104 236
97 2 107 2
97 53 104 53
97 80 100 81
97 82 101 83
97 92 104 92
97 93 107 93
97 96 98 100
97 110 106 110
97 119 107 119
97 120 100 121
97 129 107 129
97 136 98 140
97 169 98 173
97 176 98 180
97 211 101 212
97 224 107 224
97 234 104 234
97 241 100 242
97 247 106 247
98 6 107 6
98 20 102 21
98 38 108 38
98 42 99 46
98 52 107 52
98 55 99 58
98 71 108 71
98 94 106 94
98 113 102 114
98 122 106 122
98 144 107 144
98 149 108 149
98 151 105 151
98 158 107 158
98 181 105 181
98 182 100 184
98 190 106 190
98 191 105 191
98 200 107 200
98 201 107 201
98 208 101 209
98 218 105 218
98 228 105 228
98 243 100 245
99 4 106 4
99 8 107 8
99 25 102 26
99 32 103 33
99 37 108 37
99 41 107 41
99 49 106 49
99 54 109 54
99 69 108 69
99 84 109 84
99 88 103 89
99 91 106 91
99 95 100 99
99 100 108 100
99 104 106 104
99 106 109 106
99 109 109 109
99 128 109 128
99 136 100 140
99 141 106 141
99 145 103 146
99 147 103 148
99 154 101 156
99 166 108 166
99 169 100 173
99 177 101 179
99 186 108 186
99 192 108 192
99 239 107 239
99 248 103 249
100 10 101 14
100 17 110 17
100 43 101 47
100 55 103 56
100 57 109 57
100 58 107 58
100 73 104 74
100 102 108 102
100 107 107 107
100 125 107 125
100 130 109 130
100 161 102 163
100 164 107 164
100 167 103 168
100 176 110 176
100 207 107 207
100 216 103 217
100 222 110 222
100 225 108 225
100 229 103 230
101 0 105 1
101 24 110 24
101 28 111 28
101 29 104 30
101 36 108 36
101 42 111 42
101 48 110 48
101 62 111 62
101 66 110 66
101 72 108 72
101 78 108 78
101 80 111 80
101 95 105 96
101 97 103 99
101 103 109 103
101 105 108 105
101 120 105 121
101 135 102 139
101 140 109 140
101 153 111 153
101 169 103 171
101 172 109 172
101 173 111 173
101 182 105 183
101 184 110 184
101 227 108 227
101 241 102 245
102 3 112 3
102 5 109 5
102 9 103 13
102 14 110 14
102 39 109 39
102 43 103 47
102 50 111 50
102 68 111 68
102 75 111 75
102 81 106 82
102 83 110 83
102 87 109 87
102 111 110 111
102 117 112 117
102 131 111 131
102 152 112 152
102 154 106 155
102 156 110 156
102 177 104 179
102 187 111 187
102 194 111 194
102 199 111 199
102 204 106 205
102 208 103 212
103 20 113 20
103 21 112 21
103 23 113 23
103 25 110 25
103 26 107 27
103 35 111 35
103 65 113 65
103 76 107 77
103 86 110 86
103 112 105 114
103 135 104 139
103 142 113 142
103 159 104 163
103 195 112 195
103 196 110 196
103 206 113 206
103 213 107 214
103 215 110 215
103 240 107 241
103 242 105 244
103 245 111 245
104 9 105 13
104 32 111 32
104 33 112 33
104 43 105 47
104 55 107 56
104 64 114 64
104 79 111 79
104 85 114 85
104 88 106 90
104 97 113 97
104 101 112 101
104 115 112 115
104 123 112 123
104 133 114 133
104 145 106 147
104 167 112 167
104 168 111 168
104 170 111 170
104 171 112 171
104 174 113 174
104 189 111 189
104 193 112 193
104 197 108 198
104 208 105 212
104 216 108 217
104 229 113 229
104 230 106 232
104 237 107 238
104 248 111 248
105 16 113 16
105 22 112 22
105 30 115 30
105 53 112 53
105 60 109 61
105 73 109 74
105 92 113 92
105 132 112 132
105 134 107 136
105 137 109 138
105 139 115 139
105 143 115 143
105 160 109 161
105 162 114 162
105 163 113 163
105 177 106 180
105 188 114 188
105 202 114 202
105 233 106 236
106 0 110 1
106 7 114 7
106 11 108 13
106 18 116 18
106 19 113 19
106 31 114 31
106 40 114 40
106 43 108 45
106 46 113 46
106 47 115 47
106 59 113 59
106 63 115 63
106 95 110 96
106 98 116 98
106 108 116 108
106 112 110 113
106 114 113 114
106 116 114 116
106 120 109 121
106 124 113 124
106 127 114 127
106 181 108 183
106 191 116 191
106 208 107 212
106 218 113 218
106 219 109 220
106 223 113 223
106 226 113 226
106 228 113 228
106 242 110 243
106 244 114 244
107 4 115 4
107 9 111 10
107 34 114 34
107 51 117 51
107 81 110 82
107 88 108 91
107 94 115 94
107 99 117 99
107 104 117 104
107 110 117 110
107 122 114 122
107 141 114 141
107 145 109 147
107 150 110 151
107 154 115 154
107 157 114 157
107 169 117 169
107 177 108 180
107 185 115 185
107 190 117 190
107 203 111 204
107 205 115 205
107 221 115 221
107 230 108 234
107 235 111 236
107 246 110 247
108 2 116 2
108 6 115 6
108 15 118 15
108 26 112 27
108 41 116 41
108 52 116 52
108 56 117 56
108 58 115 58
108 76 112 77
108 107 117 107
108 118 118 118
108 119 115 119
108 125 118 125
108 129 117 129
108 134 112 135
108 136 118 136
108 144 117 144
108 158 112 159
108 164 111 165
108 200 111 201
108 207 108 214
108 224 117 224
108 237 109 241
109 11 119 11
109 13 117 13
109 37 113 38
109 43 111 45
109 55 119 55
109 69 111 71
109 72 116 72
109 88 110 91
109 100 119 100
109 102 116 102
109 105 117 105
109 149 117 149
109 166 116 166
109 178 118 178
109 179 110 183
109 186 117 186
109 192 119 192
109 197 118 197
109 198 118 198
109 207 110 211
109 212 111 214
109 216 112 217
109 225 118 225
109 227 117 227
109 230 117 230
109 231 117 231
109 233 116 233
109 249 119 249
110 5 117 5
110 8 120 8
110 36 120 36
110 39 117 39
110 54 119 54
110 60 113 61
110 73 113 74
110 84 118 84
110 87 117 87
110 93 120 93
110 103 120 103
110 106 119 106
110 120 114 121
110 130 118 130
110 137 114 138
110 140 119 140
110 145 113 146
110 147 113 148
110 160 119 160
110 161 118 161
110 172 118 172
110 219 120 219
110 220 117 220
110 237 118 237
110 238 120 238
110 239 112 241
111 0 115 1
111 14 118 14
111 17 118 17
111 24 114 25
111 29 121 29
111 49 121 49
111 57 121 57
111 66 114 67
111 81 115 82
111 83 118 83
111 86 120 86
111 88 115 89
111 91 119 91
111 95 114 96
111 111 115 112
111 113 121 113
111 128 121 128
111 150 114 151
111 155 115 156
111 175 121 175
111 176 115 177
111 179 112 183
111 184 119 184
111 196 120 196
111 207 113 209
111 210 115 211
111 222 119 222
111 232 121 232
111 242 115 243
111 246 114 247
112 9 115 10
112 35 119 35
112 42 113 45
112 48 122 48
112 50 120 50
112 68 121 68
112 69 114 71
112 75 120 75
112 78 114 80
112 126 122 126
112 131 120 131
112 153 122 153
112 164 121 164
112 165 119 165
112 168 122 168
112 170 119 170
112 173 120 173
112 187 120 187
112 189 121 189
112 199 114 201
112 203 119 203
112 204 122 204
112 212 114 214
112 234 114 236
112 245 119 245
112 248 120 248
113 3 120 3
113 21 116 22
113 26 115 28
113 32 117 33
113 53 123 53
113 62 123 62
113 76 117 77
113 101 120 101
113 115 120 115
113 117 122 117
113 123 120 123
113 132 121 132
113 134 117 135
113 152 120 152
113 158 116 159
113 167 123 167
113 171 120 171
113 179 114 183
113 193 122 193
113 194 123 194
113 195 123 195
113 216 123 216
113 217 123 217
113 239 115 241
114 19 118 20
114 37 123 37
114 38 121 38
114 42 115 46
114 59 116 61
114 65 124 65
114 73 118 74
114 92 123 92
114 109 124 109
114 114 123 114
114 124 123 124
114 145 122 145
114 146 118 147
114 148 123 148
114 163 122 163
114 174 123 174
114 206 116 208
114 209 123 209
114 218 122 218
114 223 121 223
114 226 121 226
114 228 118 229
115 7 124 7
115 23 117 25
115 34 123 34
115 40 123 40
115 66 118 67
115 69 124 69
115 71 124 71
115 78 119 79
115 80 125 80
115 85 125 85
115 95 119 96
115 120 117 122
115 127 123 127
115 133 123 133
115 137 124 137
115 138 122 138
115 141 125 141
115 150 118 151
115 157 122 157
115 162 122 162
115 179 116 183
115 188 125 188
115 199 116 202
115 212 117 214
115 234 119 235
115 236 122 236
115 244 122 244
115 246 118 247
116 0 124 0
116 9 120 10
116 26 118 28
116 30 120 31
116 42 118 44
116 45 120 46
116 47 124 47
116 58 124 58
116 81 125 81
116 88 118 90
116 94 123 94
116 97 126 97
116 111 120 112
116 116 126 116
116 119 124 119
116 139 125 139
116 142 119 143
116 154 118 156
116 176 123 176
116 185 123 185
116 205 123 205
116 210 124 210
116 211 123 211
116 221 123 221
116 239 119 240
116 241 124 241
116 242 126 242
116 243 124 243
117 1 121 2
117 6 127 6
117 18 124 18
117 21 121 22
117 41 127 41
117 52 126 52
117 59 121 60
117 61 124 61
117 63 127 63
117 64 127 64
117 72 124 72
117 98 124 98
117 108 125 108
117 158 120 159
117 166 127 166
117 177 127 177
117 179 121 180
117 181 120 182
117 183 124 183
117 191 124 191
117 199 121 200
117 201 124 201
117 206 121 207
117 208 125 208
117 215 127 215
117 233 125 233
118 4 121 5
118 12 121 13
118 16 128 16
118 23 120 25
118 39 126 39
118 51 127 51
118 56 126 56
118 76 122 77
118 82 128 82
118 87 125 87
118 99 125 99
118 104 121 105
118 107 128 107
118 110 126 110
118 120 122 121
118 129 126 129
118 134 126 134
118 135 125 135
118 144 125 144
118 149 127 149
118 190 128 190
118 212 122 213
118 214 126 214
118 224 125 224
118 227 125 227
118 230 121 231
119 14 123 15
119 19 123 20
119 26 123 27
119 28 129 28
119 42 121 44
119 66 123 67
119 74 126 74
119 83 126 83
119 84 127 84
119 88 121 90
119 118 126 118
119 125 127 125
119 130 128 130
119 136 127 136
119 146 122 147
119 150 127 150
119 151 129 151
119 154 121 156
119 161 126 161
119 178 129 178
119 197 123 198
119 220 129 220
119 225 127 225
119 228 123 229
119 237 129 237
119 246 122 247
120 11 127 11
120 35 127 35
120 55 128 55
120 79 129 79
120 91 128 91
120 95 124 96
120 100 128 100
120 102 130 102
120 106 127 106
120 140 127 140
120 142 123 143
120 160 129 160
120 165 129 165
120 169 124 170
120 202 123 203
120 234 124 235
120 239 124 240
120 245 127 245
120 249 127 249
121 3 128 3
121 8 124 9
121 24 131 24
121 30 123 32
121 45 125 46
121 50 128 50
121 75 128 75
121 86 130 86
121 93 131 93
121 101 128 101
121 111 124 112
121 115 130 115
121 122 131 122
121 123 128 123
121 131 129 131
121 152 130 152
121 158 124 159
121 171 123 173
121 181 130 181
121 182 131 182
121 186 131 186
121 187 129 187
121 192 131 192
121 222 131 222
121 238 130 238
121 248 131 248
122 1 132 1
122 2 129 2
122 4 130 4
122 5 131 5
122 10 132 10
122 12 125 13
122 21 131 21
122 25 132 25
122 29 130 29
122 38 131 38
122 42 126 43
122 44 132 44
122 49 129 49
122 57 130 57
122 59 126 60
122 88 124 90
122 103 132 103
122 113 131 113
122 132 131 132
122 155 126 156
122 164 129 164
122 175 130 175
122 179 126 180
122 189 129 189
122 196 132 196
122 199 125 200
122 206 125 207
122 219 132 219
122 223 129 223
122 226 130 226
122 230 124 232
123 48 133 48
123 70 133 70
123 76 127 77
123 104 133 104
123 117 132 117
123 120 130 120
123 126 130 126
123 138 131 138
123 145 125 147
123 153 127 154
123 157 132 157
123 162 126 163
123 168 130 168
123 193 130 193
123 204 130 204
123 212 126 213
123 218 130 218
124 14 128 15
124 19 127 20
124 23 134 23
124 26 128 27
124 30 125 34
124 37 133 37
124 40 132 40
124 53 127 54
124 62 132 62
124 66 126 68
124 73 134 73
124 92 131 92
124 94 133 94
124 114 131 114
124 121 134 121
124 124 131 124
124 127 132 127
124 133 133 133
124 142 134 142
124 143 134 143
124 148 131 148
124 167 131 167
124 171 126 173
124 176 134 176
124 184 127 185
124 194 127 195
124 197 128 198
124 202 133 202
124 203 132 203
124 205 134 205
124 209 132 209
124 211 131 211
124 216 128 217
124 221 131 221
124 228 127 229
124 246 134 246
125 7 128 8
125 9 132 9
125 18 134 18
125 22 135 22
125 47 133 47
125 58 134 58
125 61 135 61
125 65 135 65
125 69 133 69
125 71 134 71
125 72 135 72
125 88 127 90
125 95 129 96
125 98 132 98
125 111 129 112
125 119 135 119
125 128 135 128
125 137 132 137
125 158 128 159
125 169 129 170
125 183 133 183
125 191 132 191
125 201 132 201
125 210 132 210
125 232 132 232
125 234 127 236
125 239 134 239
125 240 129 241
125 243 128 244
125 247 135 247
126 12 129 13
126 30 127 34
126 36 136 36
126 45 130 46
126 78 136 78
126 80 129 81
126 85 133 85
126 87 135 87
126 99 135 99
126 108 129 109
126 135 136 135
126 139 133 139
126 141 134 141
126 144 128 146
126 147 133 147
126 174 136 174
126 199 129 200
126 206 128 208
126 224 133 224
126 227 135 227
126 231 136 231
126 233 133 233
127 39 136 39
127 42 130 43
127 52 136 52
127 56 134 56
127 59 130 60
127 67 134 67
127 74 135 74
127 83 134 83
127 97 134 97
127 116 137 116
127 118 137 118
127 129 134 129
127 134 134 134
127 155 130 156
127 161 129 163
127 171 136 171
127 172 137 172
127 173 134 173
127 179 131 180
127 212 129 214
127 230 137 230
128 0 138 0
128 11 135 11
128 19 137 19
128 20 138 20
128 30 132 31
128 33 130 35
128 41 137 41
128 51 135 51
128 53 132 54
128 63 132 64
128 76 131 77
128 84 135 84
128 88 130 90
128 105 132 106
128 125 138 125
128 136 136 136
128 140 135 140
128 149 137 149
128 150 136 150
128 153 132 154
128 166 138 166
128 177 135 177
128 184 132 185
128 188 138 188
128 195 137 195
128 215 135 215
128 225 135 225
128 228 138 228
128 229 138 229
128 234 130 236
128 242 138 242
128 245 137 245
129 3 136 3
129 6 131 8
129 14 136 14
129 15 139 15
129 16 132 17
129 26 133 27
129 55 139 55
129 75 136 75
129 82 137 82
129 91 139 91
129 100 136 100
129 101 138 101
129 107 139 107
129 130 137 130
129 144 131 146
129 158 137 158
129 159 136 159
129 190 137 190
129 198 139 198
129 206 131 208
129 216 133 217
129 249 139 249
130 2 138 2
130 12 134 13
130 28 139 28
130 49 134 50
130 79 132 81
130 95 134 96
130 108 131 112
130 131 140 131
130 160 131 164
130 165 140 165
130 169 134 170
130 178 140 178
130 187 137 187
130 189 138 189
130 197 140 197
130 199 133 200
130 212 137 212
130 213 134 214
130 220 137 220
130 223 140 223
130 240 133 241
131 4 138 4
131 29 141 29
131 32 133 34
131 35 138 35
131 42 135 43
131 45 135 46
131 57 140 57
131 59 138 59
131 60 139 60
131 86 139 86
131 88 133 90
131 102 139 102
131 126 138 126
131 152 141 152
131 155 134 156
131 168 138 168
131 175 140 175
131 181 140 181
131 193 138 193
131 218 138 218
131 226 139 226
131 234 138 234
131 235 135 236
131 238 138 238
131 243 141 243
132 5 136 6
132 7 136 8
132 21 142 21
132 38 139 38
132 66 142 66
132 68 142 68
132 76 141 76
132 92 135 93
132 108 133 112
132 113 136 114
132 122 135 123
132 132 139 132
132 138 142 138
132 144 142 144
132 146 139 146
132 148 139 148
132 160 133 164
132 167 139 167
132 179 136 180
132 182 142 182
132 186 139 186
132 192 140 192
132 194 142 194
132 206 136 207
132 208 139 208
132 211 139 211
132 221 139 221
132 244 142 244
133 9 136 10
133 16 140 16
133 24 137 25
133 30 137 31
133 40 143 40
133 44 140 44
133 53 137 54
133 62 135 64
133 79 137 80
133 98 143 98
133 103 140 103
133 105 143 105
133 106 142 106
133 117 142 117
133 127 142 127
133 137 140 137
133 151 143 151
133 153 137 154
133 157 141 157
133 184 141 184
133 185 143 185
133 191 141 191
133 196 140 196
133 201 142 201
133 203 143 203
133 204 143 204
133 209 137 210
133 219 143 219
134 17 144 17
134 26 143 26
134 27 141 27
134 34 141 34
134 37 142 37
134 47 138 48
134 69 138 70
134 85 142 85
134 88 136 90
134 108 141 108
134 112 142 112
134 115 144 115
134 133 141 133
134 139 141 139
134 147 142 147
134 160 138 161
134 162 141 162
134 163 137 164
134 183 142 183
134 199 142 199
134 200 141 200
134 202 141 202
134 216 141 216
134 217 143 217
134 232 138 233
134 240 138 241
135 1 145 1
135 12 145 12
135 18 143 18
135 49 143 49
135 50 144 50
135 56 142 56
135 58 143 58
135 67 145 67
135 71 142 71
135 73 143 73
135 77 145 77
135 83 145 83
135 94 139 95
135 96 139 97
135 104 145 104
135 109 145 109
135 120 139 121
135 141 137 143
135 155 145 155
135 169 143 169
135 170 144 170
135 173 145 173
135 176 144 176
135 213 139 214
135 222 145 222
135 239 142 239
135 246 142 246
136 11 143 11
136 13 146 13
136 22 145 22
136 42 139 43
136 45 139 46
136 51 143 51
136 61 137 65
136 72 145 72
136 74 143 74
136 92 144 92
136 93 145 93
136 99 143 99
136 122 146 122
136 123 145 123
136 128 140 129
136 140 143 140
136 205 146 205
136 215 145 215
136 224 139 225
136 227 143 227
136 235 144 235
136 236 145 236
136 247 140 248
137 3 147 3
137 5 138 9
137 10 145 10
137 14 146 14
137 36 145 36
137 52 146 52
137 75 145 75
137 87 139 89
137 90 145 90
137 100 145 100
137 110 141 111
137 113 140 114
137 119 147 119
137 135 140 136
137 159 145 159
137 171 146 171
137 177 147 177
137 179 141 180
137 206 141 207
138 19 146 19
138 23 142 24
138 25 148 25
138 30 142 31
138 39 148 39
138 41 146 41
138 53 142 54
138 61 139 65
138 78 139 82
138 116 147 116
138 118 146 118
138 134 148 134
138 141 140 143
138 149 147 149
138 153 146 153
138 163 142 164
138 172 148 172
138 187 147 187
138 190 146 190
138 195 148 195
138 209 145 209
138 210 145 210
138 212 146 212
138 220 145 220
138 230 142 231
139 0 148 0
139 2 148 2
139 4 140 8
139 9 148 9
139 32 149 32
139 47 143 48
139 59 146 59
139 69 143 70
139 84 149 84
139 101 148 101
139 124 141 126
139 130 149 130
139 154 149 154
139 160 142 161
139 166 148 166
139 168 149 168
139 188 143 189
139 193 149 193
139 218 147 218
139 228 142 229
139 232 143 233
139 234 147 234
139 237 149 237
139 240 141 242
140 15 147 15
140 38 147 38
140 42 147 42
140 43 150 43
140 45 148 45
140 60 141 64
140 65 148 65
140 78 142 80
140 82 149 82
140 86 147 86
140 87 142 89
140 94 141 97
140 107 147 107
140 121 147 121
140 132 149 132
140 145 143 146
140 148 150 148
140 167 147 167
140 186 148 186
140 198 148 198
140 208 148 208
140 211 150 211
140 213 144 214
140 221 149 221
140 224 144 225
140 249 147 249
141 4 142 8
141 16 150 16
141 44 151 44
141 46 151 46
141 57 148 57
141 102 145 103
141 113 149 113
141 114 148 114
141 120 151 120
141 128 144 129
141 131 151 131
141 135 143 137
141 141 149 141
141 143 149 143
141 165 148 165
141 175 149 175
141 178 150 178
141 192 148 192
141 196 149 196
141 223 149 223
141 248 148 248
142 20 152 20
142 27 146 28
142 29 150 29
142 33 144 35
142 60 143 64
142 94 143 97
142 108 152 108
142 111 152 111
142 124 150 124
142 125 152 125
142 133 149 133
142 139 151 139
142 156 144 158
142 179 144 181
142 184 149 184
142 191 150 191
142 200 150 200
142 202 151 202
142 216 152 216
142 240 144 242
142 247 152 247
143 4 144 8
143 23 150 23
143 24 153 24
143 30 147 31
143 37 153 37
143 54 145 56
143 66 150 66
143 68 151 68
143 78 144 81
143 85 151 85
143 87 145 89
143 91 153 91
143 106 150 106
143 112 150 112
143 117 152 117
143 127 153 127
143 138 151 138
143 144 153 144
143 147 151 147
143 152 153 152
143 160 144 164
143 174 153 174
143 182 147 183
143 194 150 194
143 201 153 201
143 226 153 226
143 228 145 230
143 238 146 239
143 246 151 246
144 11 153 11
144 18 154 18
144 21 154 21
144 26 151 26
144 47 146 49
144 58 152 58
144 60 148 61
144 62 148 63
144 64 152 64
144 69 146 71
144 73 147 74
144 94 145 98
144 99 151 99
144 135 148 136
144 137 154 137
144 140 151 140
144 142 154 142
144 145 147 146
144 150 154 150
144 151 151 151
144 185 153 185
144 188 152 188
144 189 154 189
144 203 153 203
144 217 151 217
144 227 153 227
144 232 148 233
145 4 152 4
145 6 147 8
145 17 153 17
145 33 147 35
145 50 148 51
145 53 155 53
145 78 154 78
145 79 149 80
145 81 155 81
145 92 153 92
145 126 155 126
145 129 155 129
145 157 148 158
145 160 146 164
145 176 154 176
145 179 147 181
145 207 155 207
145 213 149 214
145 219 155 219
145 224 148 225
145 235 154 235
145 240 146 244
145 245 155 245
146 1 153 1
146 5 156 5
146 10 153 10
146 12 153 12
146 22 153 22
146 36 154 36
146 40 156 40
146 54 148 56
146 67 156 67
146 72 155 72
146 75 148 77
146 83 153 83
146 87 147 90
146 93 147 97
146 98 154 98
146 100 153 100
146 102 148 104
146 109 156 109
146 123 155 123
146 159 156 159
146 169 156 169
146 173 156 173
146 204 156 204
146 206 156 206
146 209 150 210
146 215 155 215
146 220 156 220
146 222 154 222
146 228 155 228
146 229 148 231
147 13 156 13
147 14 155 14
147 19 156 19
147 27 154 27
147 28 154 28
147 47 151 48
147 52 155 52
147 59 155 59
147 69 149 71
147 118 156 118
147 122 157 122
147 155 157 155
147 160 148 164
147 170 151 171
147 212 157 212
147 238 148 242
147 243 157 243
148 3 156 3
148 6 150 8
148 15 155 15
148 30 151 31
148 33 150 35
148 38 155 38
148 41 152 42
148 49 158 49
148 73 152 74
148 86 152 87
148 88 150 90
148 93 152 94
148 95 150 97
148 107 156 107
148 115 158 115
148 116 155 116
148 119 156 119
148 121 155 121
148 128 158 128
148 145 151 146
148 167 157 167
148 177 158 177
148 179 149 183
148 187 155 187
148 218 155 218
148 234 155 234
149 0 156 0
149 2 158 2
149 9 157 9
149 25 156 25
149 39 156 39
149 45 157 45
149 50 157 50
149 54 152 55
149 57 156 57
149 60 152 61
149 62 153 63
149 75 158 75
149 76 158 76
149 101 150 105
149 110 159 110
149 134 159 134
149 135 153 136
149 153 159 153
149 156 151 158
149 160 150 164
149 165 159 165
149 166 156 166
149 172 157 172
149 192 158 192
149 195 157 195
149 197 153 198
149 199 159 199
149 205 159 205
149 208 157 208
149 224 156 224
149 225 157 225
149 229 150 233
149 238 150 242
149 248 156 248
149 249 159 249
150 69 152 71
150 79 154 80
150 82 157 82
150 113 153 114
150 130 157 130
150 132 153 133
150 141 159 141
150 143 158 143
150 154 160 154
150 168 157 168
150 175 157 175
150 179 154 180
150 181 151 184
150 193 157 193
150 196 157 196
150 214 159 214
151 6 154 7
151 8 161 8
151 16 160 16
151 23 158 23
151 29 159 29
151 32 155 33
151 34 154 35
151 43 160 43
151 51 161 51
151 65 155 66
151 84 161 84
151 88 153 90
151 95 153 97
151 101 152 105
151 106 158 106
151 112 161 112
151 148 155 149
151 160 152 164
151 178 159 178
151 190 161 190
151 191 161 191
151 194 158 194
151 200 159 200
151 209 153 211
151 229 155 230
151 231 154 232
151 233 159 233
151 236 153 238
151 239 155 240
151 241 160 241
151 244 161 244
152 26 160 26
152 30 156 31
152 44 162 44
152 46 161 46
152 47 162 47
152 48 162 48
152 56 162 56
152 68 160 68
152 85 159 85
152 99 160 99
152 138 154 140
152 145 154 147
152 151 159 151
152 156 160 156
152 157 156 158
152 170 156 171
152 181 154 183
152 202 161 202
152 213 162 213
152 217 162 217
152 246 160 246
153 4 161 4
153 54 162 54
153 55 160 55
153 60 163 60
153 61 162 61
153 64 160 64
153 69 157 70
153 71 162 71
153 73 156 74
153 86 157 87
153 93 161 93
153 94 160 94
153 101 154 105
153 108 161 108
153 111 161 111
153 117 160 117
153 124 163 124
153 125 161 125
153 160 154 164
153 188 161 188
153 216 161 216
154 1 162 1
154 10 156 12
154 17 161 17
154 22 161 22
154 24 164 24
154 37 163 37
154 41 164 41
154 58 164 58
154 62 158 63
154 77 164 77
154 83 162 83
154 88 155 92
154 95 156 97
154 100 161 100
154 113 161 113
154 127 161 127
154 131 157 132
154 133 161 133
154 135 158 136
154 152 164 152
154 174 164 174
154 184 156 186
154 197 157 198
154 203 163 203
154 210 158 211
154 221 164 221
154 226 157 227
154 236 163 236
154 237 162 237
154 238 161 238
154 242 164 242
155 6 158 7
155 20 159 21
155 27 162 27
155 34 159 35
155 36 162 36
155 79 158 80
155 98 162 98
155 101 156 105
155 114 165 114
155 120 165 120
155 137 156 140
155 142 163 142
155 144 156 147
155 150 164 150
155 160 156 164
155 176 162 176
155 179 156 183
155 189 162 189
155 222 162 222
155 231 158 232
155 235 164 235
156 14 160 15
156 18 166 18
156 32 160 33
156 38 163 38
156 52 159 53
156 59 163 59
156 65 160 66
156 72 163 72
156 81 164 81
156 88 164 88
156 89 166 89
156 92 164 92
156 116 164 116
156 121 166 121
156 126 163 126
156 129 164 129
156 148 160 149
156 187 164 187
156 207 165 207
156 215 163 215
156 218 160 219
156 228 158 230
156 234 163 234
156 239 160 240
156 245 165 245
157 3 167 3
157 5 166 5
157 10 159 12
157 19 164 19
157 25 166 25
157 30 161 31
157 39 161 40
157 57 164 57
157 67 164 67
157 73 167 73
157 74 165 74
157 95 159 97
157 101 158 105
157 107 164 107
157 109 167 109
157 118 160 119
157 137 159 139
157 140 167 140
157 144 158 147
157 157 158 161
157 162 159 164
157 166 165 166
157 169 159 171
157 173 165 173
157 179 158 183
157 185 164 185
157 204 166 204
157 206 166 206
157 220 165 220
157 224 167 224
157 247 160 248
158 9 167 9
158 13 168 13
158 45 166 45
158 50 165 50
158 69 165 69
158 91 168 91
158 122 162 123
158 130 160 132
158 155 166 155
158 167 161 168
158 172 165 172
158 175 167 175
158 195 160 197
158 208 165 208
158 225 161 226
158 243 167 243
159 2 167 2
159 6 169 6
159 7 168 7
159 23 167 23
159 49 168 49
159 62 166 62
159 63 166 63
159 75 166 75
159 79 162 80
159 86 163 87
159 101 160 105
159 106 166 106
159 115 169 115
159 128 166 128
159 135 163 136
159 143 161 145
159 146 168 146
159 157 166 157
159 159 161 161
159 177 166 177
159 179 160 183
159 192 161 194
159 209 161 211
159 223 169 223
159 227 160 231
159 232 168 232
160 10 162 12
160 20 164 21
160 28 164 29
160 34 167 34
160 52 163 53
160 82 170 82
160 85 167 85
160 95 162 97
160 110 169 110
160 134 168 134
160 137 162 139
160 147 170 147
160 151 168 151
160 153 169 153
160 158 170 158
160 162 163 163
160 165 167 165
160 169 162 171
160 178 168 178
160 184 170 184
160 186 170 186
160 198 161 201
160 205 167 205
160 214 167 214
160 233 169 233
160 249 167 249
161 0 171 0
161 14 163 16
161 26 170 26
161 35 171 35
161 42 171 42
161 55 169 55
161 64 165 65
161 66 169 66
161 94 169 94
161 99 168 99
161 101 162 105
161 117 163 119
161 130 163 132
161 148 171 148
161 179 162 183
161 195 163 197
161 218 165 219
161 227 162 231
161 239 163 241
161 246 163 248
162 4 172 4
162 8 169 8
162 22 169 22
162 30 164 32
162 39 165 40
162 46 171 46
162 51 170 51
162 84 171 84
162 93 170 93
162 100 170 100
162 108 171 108
162 111 166 112
162 113 170 113
162 127 170 127
162 133 171 133
162 143 165 144
162 145 170 145
162 149 172 149
162 156 172 156
162 159 164 161
162 164 172 164
162 167 166 168
162 188 172 188
162 190 163 194
162 198 172 198
162 199 166 200
162 202 169 202
162 210 165 211
162 216 172 216
162 225 165 226
162 238 171 238
162 244 169 244
163 1 173 1
163 10 167 11
163 12 170 12
163 27 170 27
163 36 170 36
163 44 173 44
163 47 171 47
163 48 173 48
163 54 171 54
163 56 171 56
163 61 171 61
163 68 173 68
163 70 167 71
163 78 165 80
163 90 173 90
163 95 164 98
163 101 172 101
163 102 173 102
163 103 172 103
163 104 170 104
163 105 170 105
163 122 167 123
163 137 172 137
163 138 172 138
163 139 171 139
163 169 165 171
163 176 171 176
163 179 164 183
163 189 171 189
163 213 170 213
163 217 170 217
163 222 171 222
163 227 164 231
163 237 172 237
164 14 168 15
164 16 168 17
164 38 171 38
164 43 174 43
164 52 168 53
164 60 173 60
164 72 172 72
164 76 174 76
164 86 168 87
164 118 167 119
164 124 166 126
164 130 168 131
164 132 172 132
164 135 171 135
164 141 174 141
164 142 171 142
164 162 168 163
164 190 165 194
164 197 172 197
164 203 171 203
164 209 174 209
164 215 173 215
164 234 172 234
164 236 171 236
164 239 166 241
164 246 168 247
164 248 174 248
165 19 167 21
165 28 166 32
165 37 175 37
165 57 169 58
165 59 175 59
165 77 173 77
165 81 174 81
165 83 175 83
165 88 173 88
165 92 173 92
165 95 167 97
165 98 175 98
165 107 172 107
165 116 169 117
165 150 175 150
165 159 167 161
165 174 173 174
165 179 175 179
165 180 167 182
165 183 173 183
165 185 173 185
165 187 172 187
165 221 173 221
165 227 166 231
165 235 174 235
165 242 172 242
166 39 168 41
166 50 174 50
166 64 169 65
166 69 176 69
166 78 174 78
166 79 173 79
166 80 174 80
166 114 174 114
166 136 176 136
166 143 169 144
166 152 176 152
166 166 175 166
166 169 167 173
166 190 167 194
166 201 176 201
166 207 170 208
166 210 168 212
166 218 170 219
166 220 173 220
166 225 174 225
166 226 176 226
166 245 176 245
167 18 175 18
167 24 177 24
167 25 175 25
167 28 168 32
167 62 171 63
167 74 171 75
167 89 174 89
167 106 175 106
167 111 170 112
167 120 171 121
167 125 171 126
167 128 171 129
167 155 174 155
167 157 174 157
167 167 171 168
167 177 175 177
167 195 177 195
167 199 177 199
167 200 174 200
167 204 175 204
167 206 177 206
167 227 168 231
167 239 169 241
168 3 175 3
168 9 172 10
168 11 176 11
168 19 170 21
168 23 178 23
168 34 175 34
168 70 171 71
168 73 175 73
168 85 176 85
168 95 170 97
168 118 176 118
168 119 177 119
168 122 172 123
168 159 172 160
168 161 177 161
168 165 176 165
168 170 171 171
168 172 171 173
168 175 175 175
168 180 178 180
168 182 175 182
168 190 169 194
168 196 178 196
168 205 176 205
168 214 177 214
168 224 178 224
168 243 176 243
168 249 178 249
169 7 177 7
169 13 177 13
169 15 172 16
169 28 170 32
169 39 178 39
169 40 173 41
169 45 179 45
169 49 177 49
169 52 173 53
169 86 177 86
169 87 176 87
169 91 176 91
169 99 177 99
169 130 176 130
169 131 178 131
169 134 177 134
169 146 177 146
169 151 176 151
169 162 176 162
169 163 178 163
169 178 179 178
169 181 179 181
169 211 179 211
169 212 179 212
169 227 173 228
169 229 171 231
169 232 177 232
170 2 180 2
170 5 174 6
170 8 177 8
170 22 179 22
170 55 177 55
170 57 174 58
170 64 172 66
170 94 177 94
170 115 172 117
170 143 173 144
170 153 174 154
170 190 171 194
170 202 177 202
170 223 177 223
170 233 178 233
170 239 172 241
170 244 177 244
170 246 180 246
171 12 181 12
171 19 179 19
171 21 178 21
171 26 172 30
171 31 174 32
171 51 178 51
171 82 179 82
171 93 178 93
171 95 173 97
171 100 180 100
171 104 180 104
171 109 172 113
171 124 181 124
171 127 180 127
171 145 179 145
171 147 178 147
171 169 181 169
171 184 178 184
171 186 178 186
171 207 175 208
171 213 180 213
171 217 173 219
172 0 180 0
172 14 182 14
172 20 182 20
172 35 179 35
172 38 182 38
172 42 179 42
172 46 176 47
172 54 182 54
172 56 180 56
172 61 179 61
172 62 182 62
172 63 180 63
172 70 176 71
172 74 175 75
172 105 182 105
172 120 182 120
172 125 176 126
172 128 176 129
172 133 180 133
172 135 179 135
172 139 179 139
172 142 182 142
172 148 180 148
172 167 176 168
172 171 174 173
172 176 181 176
172 189 173 193
172 194 179 194
172 222 179 222
172 229 174 231
172 236 179 236
172 238 179 238
172 247 182 247
173 4 181 4
173 9 177 10
173 15 175 17
173 26 174 30
173 64 174 67
173 101 180 101
173 107 177 108
173 109 174 113
173 115 176 116
173 117 181 117
173 122 177 123
173 137 182 137
173 138 181 138
173 149 182 149
173 156 182 156
173 158 175 160
173 164 180 164
173 187 176 188
173 197 176 198
173 216 180 216
173 234 180 234
173 239 177 240
173 241 177 242
174 1 182 1
174 36 184 36
174 40 178 41
174 44 181 44
174 53 183 53
174 60 181 60
174 68 182 68
174 88 183 88
174 90 181 90
174 92 182 92
174 95 176 97
174 102 184 102
174 121 184 121
174 143 178 144
174 174 183 174
174 183 181 183
174 189 175 193
174 215 181 215
174 217 175 221
174 228 182 228
174 237 184 237
175 5 184 5
175 6 182 6
175 26 176 30
175 31 177 33
175 43 182 43
175 50 185 50
175 57 178 58
175 64 177 66
175 76 176 80
175 81 183 81
175 89 182 89
175 109 176 113
175 114 182 114
175 141 185 141
175 154 179 155
175 157 183 157
175 170 179 171
175 172 179 173
175 185 185 185
175 200 183 200
175 209 179 210
175 229 184 229
175 230 178 231
175 235 182 235
175 248 184 248
176 3 184 3
176 15 177 18
176 34 186 34
176 59 185 59
176 72 178 74
176 75 183 75
176 83 180 84
176 98 185 98
176 103 186 103
176 106 184 106
176 150 185 150
176 158 178 160
176 166 185 166
176 177 186 177
176 179 183 179
176 189 177 193
176 204 184 204
176 207 179 208
176 217 177 221
177 11 184 11
177 25 178 29
177 30 184 30
177 46 179 48
177 69 179 71
177 76 178 80
177 85 186 85
177 91 186 91
177 95 179 97
177 110 185 110
177 112 180 113
177 115 181 116
177 118 184 118
177 125 180 126
177 128 180 129
177 130 184 130
177 136 185 136
177 151 184 151
177 152 186 152
177 162 184 162
177 165 184 165
177 167 181 168
177 182 187 182
177 187 185 187
177 188 187 188
177 201 185 201
177 205 185 205
177 226 180 227
177 243 185 243
178 7 181 8
178 9 182 10
178 13 186 13
178 15 179 18
178 31 180 33
178 49 188 49
178 55 186 55
178 64 181 65
178 66 185 66
178 86 185 86
178 87 188 87
178 94 187 94
178 99 188 99
178 107 180 109
178 111 188 111
178 119 188 119
178 122 181 123
178 134 186 134
178 146 185 146
178 189 179 193
178 195 185 195
178 197 182 198
178 199 185 199
178 202 187 202
178 203 188 203
178 206 185 206
178 214 187 214
178 217 179 221
178 223 185 223
178 232 187 232
178 239 179 242
179 23 183 24
179 25 180 29
179 37 189 37
179 39 181 41
179 57 183 58
179 72 181 74
179 76 180 80
179 93 189 93
179 131 188 131
179 143 182 144
179 147 186 147
179 153 189 153
179 158 180 161
179 163 186 163
179 180 186 180
179 184 188 184
179 186 186 186
179 196 186 196
179 224 182 225
179 230 186 230
179 231 186 231
179 233 187 233
179 245 189 245
179 249 188 249
180 15 184 16
180 17 182 19
180 42 187 42
180 45 181 48
180 61 187 61
180 69 190 69
180 70 184 71
180 82 187 82
180 95 182 97
180 135 190 135
180 139 184 140
180 145 188 145
180 154 187 154
180 171 182 173
180 181 190 181
180 189 189 189
180 190 181 194
180 207 181 211
180 217 181 221
180 238 181 242
181 0 191 0
181 22 191 22
181 25 182 29
181 31 183 33
181 56 188 56
181 63 189 63
181 67 191 67
181 76 182 80
181 83 191 83
181 84 191 84
181 100 185 101
181 104 190 104
181 107 185 108
181 109 189 109
181 112 185 113
181 125 185 126
181 127 185 128
181 129 190 129
181 158 183 160
181 161 191 161
181 164 188 164
181 170 191 170
181 178 191 178
181 212 185 213
181 216 188 216
181 227 190 227
181 234 190 234
181 246 189 246
182 4 189 4
182 7 186 8
182 12 190 12
182 39 186 40
182 41 189 41
182 44 192 44
182 45 186 46
182 48 190 48
182 51 192 51
182 64 190 64
182 72 184 74
182 90 192 90
182 115 184 117
182 122 186 123
182 124 190 124
182 138 191 138
182 167 184 169
182 176 190 176
182 190 183 194
182 207 189 207
182 208 192 208
182 209 184 211
182 215 191 215
182 217 183 221
182 236 192 236
182 238 184 240
182 241 185 242
182 244 192 244
183 6 190 6
183 9 187 10
183 14 191 14
183 17 184 21
183 25 184 29
183 35 193 35
183 62 193 62
183 76 185 78
183 79 187 80
183 89 191 89
183 92 192 92
183 96 186 97
183 105 190 105
183 120 192 120
183 137 192 137
183 142 187 143
183 156 190 156
183 171 185 173
183 175 193 175
183 183 193 183
183 197 186 198
183 222 193 222
183 224 190 224
183 247 192 247
184 23 191 23
184 31 186 33
184 38 194 38
184 52 187 53
184 58 191 58
184 60 194 60
184 81 193 81
184 88 194 88
184 95 194 95
184 114 194 114
184 132 194 132
184 157 186 159
184 174 194 174
184 179 192 179
184 190 185 194
184 200 193 200
184 217 185 221
185 3 192 3
185 5 195 5
185 11 195 11
185 15 186 19
185 20 188 21
185 25 194 25
185 26 186 30
185 54 195 54
185 70 189 71
185 73 189 74
185 102 192 102
185 106 192 106
185 115 189 116
185 117 189 118
185 121 192 121
185 130 194 130
185 133 195 133
185 139 193 139
185 140 194 140
185 149 195 149
185 162 192 162
185 165 192 165
185 167 189 168
185 169 194 169
185 204 192 204
185 209 187 211
185 228 188 229
185 237 187 239
185 240 193 240
185 248 193 248
186 47 196 47
186 50 193 50
186 57 196 57
186 59 196 59
186 66 193 66
186 72 196 72
186 75 187 78
186 86 195 86
186 100 190 101
186 107 195 107
186 108 194 108
186 112 190 113
186 125 188 127
186 128 194 128
186 144 196 144
186 146 195 146
186 150 190 151
186 172 190 173
186 185 193 185
186 190 187 194
186 195 193 195
186 205 190 206
186 212 189 213
186 217 187 221
186 223 196 223
186 225 196 225
186 226 196 226
186 235 196 235
186 241 188 243
187 7 191 8
187 13 194 13
187 15 188 19
187 26 187 33
187 34 194 34
187 39 191 40
187 43 197 43
187 45 196 45
187 46 195 46
187 55 195 55
187 85 197 85
187 91 196 91
187 96 195 96
187 97 191 98
187 103 196 103
187 110 197 110
187 122 190 123
187 134 196 134
187 147 191 148
187 152 194 152
187 157 191 158
187 159 190 160
187 163 195 163
187 171 197 171
187 177 194 177
187 180 195 180
187 186 191 187
187 196 189 198
187 201 197 201
187 230 191 231
188 9 197 9
188 10 198 10
188 26 188 33
188 42 195 42
188 52 191 53
188 61 196 61
188 75 189 79
188 80 198 80
188 82 195 82
188 94 196 94
188 141 190 143
188 154 191 155
188 182 195 182
188 188 196 188
188 190 189 194
188 202 197 202
188 209 191 210
188 214 195 214
188 217 189 221
188 232 197 232
188 233 196 233
188 237 190 239
189 2 199 2
189 15 190 19
189 20 193 21
189 26 191 28
189 29 190 33
189 49 198 49
189 56 197 56
189 87 198 87
189 119 196 119
189 125 191 127
189 131 197 131
189 145 198 145
189 164 196 164
189 184 197 184
189 203 197 203
189 216 198 216
189 228 193 229
189 241 191 243
189 249 198 249
190 4 199 4
190 37 197 37
190 63 197 63
190 70 198 70
190 71 197 71
190 73 199 73
190 74 191 78
190 79 198 79
190 93 198 93
190 109 197 109
190 115 198 115
190 116 194 117
190 118 197 118
190 153 199 153
190 167 194 168
190 189 191 193
190 196 191 199
190 207 199 207
190 211 192 213
190 217 191 221
190 245 198 245
190 246 197 246
191 15 193 17
191 18 194 19
191 29 192 33
191 64 194 65
191 68 195 69
191 99 193 101
191 111 193 113
191 122 195 123
191 141 193 143
191 150 195 151
191 181 198 181
191 205 195 206
191 224 198 224
191 234 198 234
191 237 199 237
191 239 198 239
192 0 196 1
192 6 196 7
192 22 194 24
192 26 194 28
192 39 196 40
192 52 195 53
192 67 199 67
192 74 193 78
192 124 193 127
192 138 199 138
192 147 199 147
192 148 199 148
192 154 193 158
192 170 199 170
192 172 196 173
192 178 199 178
192 186 199 186
192 187 199 187
192 189 196 190
192 191 193 194
192 196 199 196
192 198 195 199
192 209 196 210
192 217 193 221
192 230 196 231
192 241 194 243
193 29 195 31
193 32 197 33
193 89 197 90
193 104 195 106
193 120 197 121
193 135 197 136
193 165 196 166
193 211 195 213
194 20 198 21
194 74 195 78
194 101 198 102
194 111 196 113
194 141 196 143
194 154 194 161
194 175 197 176
194 191 195 195
194 217 195 221
194 227 198 228
194 247 198 248
195 12 196 16
195 22 196 26
195 27 198 28
195 50 199 51
195 65 199 66
195 126 196 130
195 139 199 140
195 157 198 158
195 160 199 161
195 167 197 169
195 240 197 242
196 29 198 31
196 41 199 42
196 52 198 54
196 68 199 69
196 74 197 78
196 95 197 99
196 105 198 107
196 191 197 195
196 211 197 215
196 217 197 221
197 5 199 7
197 11 197 19
197 24 199 26
197 34 199 36
197 38 199 40
197 44 198 48
197 57 198 61
197 111 198 114
197 122 197 129
197 141 198 144
197 162 199 164
197 188 199 190
197 198 199 200
198 11 199 15
198 74 199 78
198 82 199 86
198 116 199 120
198 122 198 132
198 172 199 176
198 182 199 185
198 201 199 205
198 208 198 215
198 217 199 221
198 240 199 244
199 52 199 59
199 87 199 95
199 98 199 108
199 121 199 129
199 222 199 231