2 8890 978
2 8670 6686
2 2384 7433
2 7468 4818
2 7013 5071
2 1135 6753
2 8773 7206
2 7227 3207
2 2418 1344
2 3654 7581
2 8227 1190
2 9121 8727
2 7716 4557
2 6252 8563
3 719 2288 3288
2 2176 820
4 4679 1376 2502 5037
2 6321 7632
7 563 7613 4337 9178 9834 3264 8001
6 1178 8968 7519 3853 163 4846
2 3647 773
2 3321 7678
3 7109 1529 2951
2 7948 4325
9 3578 872 1442 2697 7719 2287 4192 5127 3069
2 3696 1339
3 6031 1146 4949
3 9550 4006 4321
3 6403 6190 3559
2 2015 1159
2 6039 4941
2 4829 5226
2 5991 5067
3 7913 9377 5821
2 2736 7376
3 1105 9763 3870
3 8758 1319 1284
5 311 2751 5985 5471 9875
4 9913 5441 8345 391
2 7325 9515
4 3202 4390 3120 757
3 8878 7284 2265
2 9459 8000
3 9449 4070 5578
5 5649 1067 4811 7011 7036
2 8184 492
2 3358 8730
2 8965 9824
7 8578 9346 389 1180 9389 1722 899
4 1563 2346 9999 5460
3 7862 9044 3638
2 3708 2939
2 8967 7458
13 549 3005 842 1588 3066 98 7239 174 4580 5661 8866 5225 4399
15 1776 7993 9636 9314 7492 1553 9478 3722 4569 1289 7767 1427 3887 2410 7348
18 2735 1815 2788 3947 6293 5679 7194 9026 2749 6282 4762 5842 712 1991 690 4281 6650 8321
19 4948 5517 2216 7190 6537 1721 6674 582 5730 5785 7521 7420 5365 1285 5533 4697 7722 108 638
2 1192 9803
3 9927 5891 3897
3 4644 8719 1998
2 5480 6018
2 7575 4793
16 3580 4873 9495 5626 6356 6133 249 5556 1042 9055 3515 8753 5404 4844 7533 3440
19 3090 9020 7230 211 5426 6178 880 2546 589 2334 9756 8162 1764 6349 4779 5474 8279 2152 1120
4 768 1206 5444 437
9 7957 567 9974 6159 2566 8546 1140 3903 8618
2 6912 2887
4 1209 9252 8402 8235
2 1560 4796
20 9313 3410 4706 8979 150 69 5668 146 4403 4819 576 4942 1789 7218 9501 8879 9220 805 3204 7985
19 5934 5971 7585 4720 846 9100 7344 7143 5317 7189 7741 6249 5828 5190 9585 1699 9770 204 4203
19 3055 5218 2915 502 3375 4029 7840 5994 8610 1431 8935 5705 7771 7634 1219 1586 7733 8154 9766
3 2573 4476 5718
4 6466 8071 9921 1009
6 5018 4352 8788 9048 4320 8333
2 4058 1855
2 2297 2528
2 3608 180
20 4758 2296 8426 9586 2731 5124 6850 7898 3293 7062 7753 6894 3166 804 4968 5652 5825 5362 8124 9069
8 1273 3245 5744 8573 6475 3341 7713 6439
3 666 4646 1452
7 7929 817 3572 5541 6058 3086 1022
3 8292 9985 2758
8 4309 6662 457 6076 1027 3298 7460 2914
11 1867 2166 3601 9631 6413 3225 5325 2411 6230 5884 7795
20 2519 3239 2538 3092 9640 3966 354 5457 6582 6769 4698 9732 6075 6520 5946 1969 869 7017 5020 1254
17 6381 3311 9627 9830 5663 1797 3169 3751 5072 1026 3091 7242 9338 1751 6 3723 8925
17 5970 6794 1100 4830 881 382 8830 7599 9153 3917 7623 7518 9147 3742 7789 794 976
10 9563 7329 6536 5662 1239 4256 542 6868 8047 7391
19 6822 4536 5654 6202 7226 5650 6484 7940 2765 6325 3926 2416 8678 6766 9609 9123 9736 6569 9606
19 5324 219 1372 5112 8224 2825 6251 9817 816 6820 7195 9894 3516 4380 3322 1712 2172 7182 1552
2 6377 9360
8 2465 2429 902 9469 6645 1626 6152 1293
20 4078 7028 3329 1121 2783 5156 645 4099 7513 5211 2694 6873 9686 5898 5223 2096 9660 6911 9304 7953
20 4435 4693 7927 1655 3453 5660 3867 8857 4539 9299 5559 905 3810 2379 6065 301 9891 4040 3084 7714
4 187 1817 6644 1425
2 5983 9910
3 3147 1785 2448
3 1040 3760 89
5 7657 6502 8447 3729 5573
16 6663 8290 825 7884 6009 3507 3689 262 7511 6972 2474 9507 5973 9176 1887 1809
3 4525 9483 1546
2 2718 766
21 7070 2531 6110 3910 1830 9654 4658 5751 9364 8782 8099 3277 8986 7192 7835 9601 6365 2683 7597 7374 3950
19 6689 6952 7320 6410 35 4913 2330 4470 9848 7536 9211 3118 7478 427 1479 1579 8716 8349 9993
20 3629 6843 2357 442 6563 2651 708 9156 7516 7614 1513 9748 4727 3548 4530 6158 6819 8532 1157 6492
19 4839 113 4885 3459 9965 2056 8609 2368 979 5909 4810 3503 4022 9648 8082 7436 1694 8147 913
2 7804 5886
5 6670 3697 3430 9249 3861
14 1757 9820 3029 8448 3433 7882 1660 9810 9444 7782 8632 3252 8119 1680
11 88 8271 4537 8832 8915 3114 6591 3388 9827 5030 7204
19 474 1860 9255 8464 9135 7448 5844 5608 1411 1889 687 6530 9580 3427 1732 5294 3525 2814 3185
19 8477 1228 6875 839 3537 2653 6805 2809 6301 2729 4135 2619 4952 6761 3957 6470 7951 9399 9749
4 3607 1002 9418 7600
8 423 1208 2486 8891 6978 3928 5788 6434
22 1992 6135 166 2198 4657 6000 3721 3102 8506 285 5801 8153 4936 8394 764 6287 6535 3941 4269 1083 1646 2617
19 9847 7186 3334 9657 9457 3940 6333 5864 3137 4073 6225 2858 5229 3143 6482 8538 9831 2724 3883
19 3371 3236 3196 6206 7249 9071 5169 2359 4898 80 2204 6309 5747 3273 756 6212 5819 3313 2211
20 2247 7114 2293 8588 7152 9158 5193 1779 2645 3027 6560 3300 1936 269 3280 360 8083 1149 2544 6339
7 2061 1838 6457 7546 1143 923 7641
21 303 8213 109 2335 6409 378 9381 1947 9513 4204 2142 2263 7121 2342 7850 3448 9552 1086 9439 8122 7289
22 8175 3168 1734 47 6360 4704 3669 2630 5664 9225 9697 43 9588 3387 4431 4563 9668 5753 3558 7979 845 1829
22 606 4475 5856 5017 9042 4595 9833 9639 3031 9270 2796 1094 2499 7706 7589 1280 9057 3046 4766 8137 936 3586
17 6412 7435 6851 4349 3398 9392 7274 350 2308 9509 367 1303 5549 1341 9700 5855 9227
4 9752 9090 9845 1000
22 8731 7864 8277 533 3840 2323 7665 4355 4068 8767 1394 7718 5255 6371 4600 2529 6028 5024 6096 7615 9067 4891
3 3549 7444 9530
18 4071 9649 2143 9813 326 267 9037 3345 7014 8819 6116 7153 1713 1225 7136 535 3347 247
17 1138 8458 3368 780 6966 9761 5962 2122 8063 8906 6801 5475 7688 6207 2819 4158 3985
5 8711 6610 8982 9764 6127
16 9679 7891 854 9737 6907 9659 2931 1132 8576 198 3472 8240 2879 948 6060 5575
13 9619 3540 5049 4207 2982 7535 2115 9229 6600 1216 2007 2049 3665
4 2883 8306 6441 464
17 5335 9187 5358 8203 1804 2167 1676 2191 6830 9682 4373 486 3637 6958 6148 1962 2627
22 3442 8024 6669 9485 9002 633 7425 3429 7080 5373 2011 9456 723 8623 1347 6725 6323 5977 2730 9374 7751 901
3 5235 4411 1545
20 5868 8158 9666 1313 8133 4656 2781 3117 137 9784 1854 8297 4612 1156 7859 6631 5493 4069 532 5790
16 7965 2507 315 435 6012 6222 1695 3330 2795 4934 1976 3571 2940 6191 5931 3713
19 1097 6269 7319 9289 5241 990 9284 5635 7259 1034 9092 4500 879 5416 3642 2773 7181 9025 9309
9 2917 1883 6208 7075 229 5618 6405 3619 8022
17 5717 1605 6053 4065 8244 9376 1342 3973 8081 7367 4812 6335 3304 5159 5633 4116 9716
5 5440 789 233 4736 1961
17 8950 2026 2112 494 7176 272 5734 7520 1763 706 7917 336 418 8275 4479 5414 7252
3 6277 4027 7813
21 2720 6418 2426 4794 4673 4202 7438 7555 6416 3163 5000 8170 3794 2995 8441 9493 2277 6087 9206 2165 6690
3 519 7779 8596
18 3167 7198 4164 9804 9751 9127 3434 7924 1842 6855 2936 2202 1878 4808 3180 1350 5293 8700
23 9409 6044 2899 4575 5516 4020 330 7479 5279 8798 7490 8218 6387 1654 2510 14 736 207 5117 7356 7038 2953 5269
20 2432 1879 1689 428 5602 6526 8259 252 9151 1831 2933 6129 5997 351 788 9960 3848 4683 5988 8423
16 1269 4255 3605 4028 5428 8037 8652 4559 3161 995 3023 2865 4996 9829 9099 443
15 9003 2324 5393 1489 3188 2338 6023 8412 967 2099 8278 6539 2961 3048 6934
22 7952 5387 6304 8198 2518 6141 7847 8094 674 6999 5176 9397 8107 4335 8522 7050 5683 8080 5361 4799 6487 1958
14 5693 5727 1984 2784 4233 7372 4528 3809 4054 7165 3113 6559 4592 4445
19 3817 9207 6735 935 7534 9822 6596 9321 6540 9933 5346 4148 2747 3441 8322 7042 9711 3836 9545
20 6541 8262 9306 2539 5120 6984 1365 9062 883 4523 798 3911 6046 8893 6300 8663 8260 8778 8877 8648
19 6901 9166 5113 9556 9105 4115 6538 7191 6672 9159 3135 6397 2413 3272 6914 9461 8265 8964 5434
6 7108 4301 4465 7742 6603 9380
3 3307 4717 5968
20 9976 7849 627 3354 2440 2686 559 8493 76 9541 3650 1623 3363 8752 258 4820 4239 664 3819 914
6 9514 6361 2714 2711 9186 1114
2 672 1880
19 6198 3249 6200 7579 8665 2790 3278 3534 8304 539 1925 5820 2811 7744 1074 4140 4554 2002 7590
16 2316 5881 5572 5748 3445 6244 5260 1891 8599 4144 3964 6717 4157 2609 3588 7093
23 5445 3527 328 8440 57 9620 6261 2706 6657 2246 3905 26 5877 2524 7200 7736 4542 5687 2258 6782 2353 9467 5865
4 1066 9291 3104 6527
2 1803 1555
12 375 3276 8715 2780 4153 4141 4862 5809 7267 641 1559 749
17 2571 2589 3891 3426 2981 2693 2599 8284 9175 3519 8561 1849 6845 2032 4568 8311 8163
19 2695 3758 318 3119 7811 4584 8481 9880 3919 441 1780 9615 7452 4172 8959 9555 5682 3350 9876
19 5192 6654 3849 8309 3566 8682 772 8585 8023 8334 9231 4442 4015 5197 3702 8606 4747 5454 9196
4 7561 5721 9019 9520
4 1315 7293 5371 2620
22 1515 3918 7768 199 9524 607 3215 9964 4857 8014 6974 6102 5738 6256 5648 9257 1847 2908 3856 5002 5144 4501
21 6263 554 2641 209 8614 6402 4786 2128 9553 6793 3699 8061 7930 7658 3633 4735 3612 9413 2257 8528 8865
9 6002 2278 3148 2642 497 2551 8996 7760 3791
18 7499 8086 9191 2657 6550 2654 8373 5250 6042 7330 6072 1426 9184 1473 5202 2249 7472 2853
19 1335 4056 2512 6765 4666 376 2240 7609 2805 8822 9471 5509 8619 4231 8156 9674 1641 6278 8770
24 7401 1414 1852 5089 1054 4088 5012 7246 921 4441 6677 6680 3222 8115 8006 9076 6014 5489 5257 6417 7168 5011 8685 2755
20 9675 6189 2742 4228 2577 3818 7988 4924 5201 6059 6226 9865 8202 5327 5960 5949 3681 7410 5571 2625
11 5300 7455 6493 6786 482 3740 4329 5296 2289 5714 3097
4 700 9251 4868 7264
24 713 7140 9137 9274 1221 3680 3906 127 9458 6962 6566 3454 3592 2431 2678 7295 4412 8468 7288 9431 5035 82 9614 124
16 9084 6740 4629 81 1944 9324 928 8200 5518 4931 8354 5316 5889 3820 1705 7307
6 8708 1794 2523 6942 3230 240
16 4742 610 8073 5621 5291 5557 8815 5391 9929 5840 8525 4972 2593 962 2664 3698
20 6831 5858 8254 290 9738 5628 3122 5064 1464 8987 5484 2462 3006 647 2902 1118 3134 5596 6368 3931
18 7475 9670 4084 9702 4123 5400 1561 2370 9083 8048 9883 8387 3728 8341 3741 5551 3837 2888
21 7429 6780 9473 3865 8157 9575 4957 4659 1181 9952 550 4043 9547 4438 5505 3020 6291 926 1088 6467 7855
23 6815 6529 945 7248 7085 1873 9681 5724 2602 8413 7488 561 134 7528 1615 6010 652 8923 1983 6626 1726 7183 390
12 7119 9452 200 3541 2973 9757 5917 9273 189 8793 7655 9525
7 3253 9935 965 933 1844 3111 3286
4 5497 4882 7379 8824
23 1005 2603 9246 7638 1986 3816 3414 4035 2954 4939 776 2768 9978 5330 1744 2136 4427 762 3965 5446 9673 2868 8012
17 4214 2123 212 164 6580 7387 1098 6548 5350 4082 558 850 5066 5348 9878 6795 6721
5 4094 4098 6658 7684 9693
3 3693 1381 6143
3 2920 3381 9723
7 622 9406 1635 4935 3403 23 5254
20 117 1227 8435 2782 3116 952 397 8620 4625 243 6755 2549 8633 8206 5322 1060 1987 1923 7044 5179
21 9707 8698 8021 6245 4245 8167 4503 6832 9474 2715 8010 4468 9047 3889 5118 1935 3014 5978 8947 1374 8543
21 8329 1407 8449 4080 3490 3036 3789 6132 3524 2760 4221 774 257 6382 620 1283 6005 1129 6676 4716 3480
10 568 7398 9087 3017 3475 9182 6463 5883 3620 4622
10 4601 5402 5948 1959 6825 5780 1478 3012 8540 8898
15 5086 6150 3739 39 5134 1772 9548 5570 2911 1893 2298 4242 5364 7881 1107
3 5299 3936 9359
18 2135 6656 8323 9559 2132 5495 6313 1436 9652 4561 8064 2237 1610 7157 1795 6032 4134 1562
17 1305 8029 9267 7867 9345 4645 5913 1016 3145 5284 609 2071 7127 3015 9791 6518 2225
3 8640 3614 3827
15 8102 4836 9897 6243 7872 7627 1682 3337 4991 3980 8295 2998 4127 1343 818
7 4379 5562 7506 1356 3478 2764 2130
21 8703 9046 6924 4507 849 6927 8806 629 9238 6681 3959 7101 4258 1131 4275 8666 7426 4626 2492 3644 1619
20 3855 5027 8209 8274 601 7710 2473 7778 4937 6581 6509 1554 3297 205 220 7954 5937 4332 8331 790
17 2949 477 7314 7934 2464 9645 1433 8598 7588 2582 2481 2491 5893 3611 7160 4741 6288
11 8310 3655 2230 9815 6575 1346 4971 1709 2177 3749 7105
7 7861 7064 7471 1524 9633 7453 7432
11 677 5902 2079 9011 9512 5815 353 4147 5979 8490 7825
2 306 2669
19 5860 1724 6558 3461 7430 3022 6762 2680 7659 7672 7904 815 1007 393 1144 5431 5787 5376 5108
7 6916 9626 3193 943 2463 9350 7820
16 4059 2828 3208 5377 2916 1693 7068 5394 9462 4100 6499 6015 5836 4363 8943 7565
18 4494 4208 6756 1640 8653 1474 4274 1700 6699 5470 3178 9245 6259 7031 5147 7146 7371 1247
21 9325 7810 2791 277 8835 1252 6480 5910 2125 1416 9363 8325 3634 6936 1481 9608 2550 8195 8299 2579 2521
18 7956 2233 9685 3989 4299 7277 5914 613 8845 2487 8389 9861 6019 5831 2329 9281 2618 2038
19 1543 1512 3024 8410 9179 6274 6297 7754 4768 9533 8199 2894 4603 1808 4230 1633 3679 8414 1801
22 4150 9405 7082 9316 7000 1723 761 871 8851 9160 3476 8009 2433 2476 4751 33 7577 1014 79 5331 9906 8905
12 4008 7711 9768 530 5711 7809 446 2100 7833 7358 4929 4883
24 9140 19 2748 9401 4154 1102 8379 6989 6716 4532 8904 2923 7352 2285 5383 322 291 2726 3676 6661 9129 7375 4473 1881
12 6783 6900 8586 8328 8536 4782 7628 348 454 6090 4700 8216
20 9888 8587 5034 2690 511 3232 5847 3211 5658 1551 6823 8201 5 5506 1759 8281 4691 5232 8862 8611
18 5245 6004 3632 2754 5382 7334 2037 2042 6995 7280 3552 312 9294 2326 13 1359 9747 3617
3 9305 8192 7621
24 1978 8020 7117 2118 7876 7690 9477 161 2527 2415 6041 4121 684 8672 5181 654 4672 750 9124 3390 9214 7980 4649 1055
18 6807 696 5954 1500 3615 6512 8761 254 5941 3216 1590 4173 8357 4252 1703 3868 807 2134
8 7928 3257 9579 3824 1087 7758 9172 8267
23 3156 1332 2838 4194 7255 9464 6648 4326 5045 7697 4224 8058 7757 9862 8215 4614 5010 3835 2968 3327 3063 1195 7700
5 6228 9347 8370 1246 2709
12 7399 726 5006 5507 439 6903 9712 8245 5975 6348 3838 9811
19 3030 400 7102 2000 6597 2977 6696 8108 8473 6184 8356 6099 45 973 2993 3455 1982 3289 1662
14 7040 394 2006 6951 5816 7494 7816 7316 7727 5171 5742 4823 710 3224
17 3555 9920 7631 5686 8035 553 8953 5380 6363 4000 8679 8762 4162 1377 8718 4392 4185
22 3444 2313 4428 6168 9874 507 4639 6946 7503 8661 9152 8437 6572 604 651 4367 4401 5048 3688 6993 3526 8463
6 4618 3362 4420 8430 2839 8499
21 273 4877 3170 1869 5955 1634 5690 4415 4773 688 1322 5980 7747 7053 2344 495 7476 1868 4189 9259 9088
5 6695 8787 9503 4588 3367
17 8962 190 3773 1240 2261 9949 208 7558 115 3767 2269 631 2251 9997 6465 6170 8443
7 2869 3990 5189 1326 2171 5478 3755
3 6724 4520 6960
6 3869 7188 8303 9451 5370 2252
12 734 8736 5510 9282 3263 989 95 2541 1706 2806 1439 1691
20 9393 9698 8104 3512 1977 8615 3227 8239 7926 9943 2364 7703 9856 1358 2629 4752 9465 3690 9915 3899
8 7463 7709 1593 6741 4482 8253 251 4197
19 4855 3667 5875 8902 7380 5352 6062 2121 5481 5268 742 2615 3733 8483 1296 1390 8641 1805 5859
12 8518 3333 7104 2401 6567 1922 8139 7228 2922 8625 1052 2055
22 9216 3197 513 5090 9549 9064 9410 9836 8505 4072 4128 5561 7071 9170 9903 8934 5248 1905 1204 8238 9296 587
5 6745 6744 8422 8332 1740
6 84 1384 3176 248 2866 4604
3 4377 2212 7522
21 5769 6767 5359 9030 7337 6357 6380 369 8687 6104 6452 7497 2461 4198 3504 9301 3898 7756 5044 9677 6524
19 920 8149 6239 9487 7668 9118 1537 3986 5486 7788 9021 5412 4774 4757 5599 5485 3076 7606 1080
13 4637 8557 5746 2455 7666 1755 8421 4317 3028 1093 2540 4268 8738
3 769 9925 7482
1 4887
5 4090 6485 7116 3779 6517
14 3988 7687 5295 2470 2480 7498 7392 7650 4419 8568 5634 9484 2300 4241
20 4307 1447 5990 2511 4502 168 3325 97 4965 2557 4212 1035 9653 9253 8702 5912 6322 6314 7467 2650
18 1833 7156 874 1904 7193 3194 867 5610 194 1814 5080 1821 9986 6545 6093 6991 5230 70
21 4842 658 271 409 2382 2060 8353 1864 6248 8097 1071 8549 288 2162 9726 323 2131 4983 7899 8019 1173
5 222 1492 4200 5214 4471
25 6706 3546 2928 206 6450 9286 2036 8110 3439 7466 6279 8534 9542 7978 813 5152 6773 5378 1645 8838 556 3595 2564 9499 3871
10 5885 9463 5771 1908 417 982 422 5622 384 835
15 6961 4387 3067 6804 3830 3544 3220 8111 9750 9961 1408 6250 1115 2530 9476
19 957 7210 4661 7637 5712 1835 6066 8272 4496 6678 7125 6813 8016 9519 3265 9454 2069 8927 6063
22 4894 5615 9412 3991 4705 4481 1613 5764 1428 2740 1818 7250 7056 3235 5834 4142 3730 1786 6994 2145 1378 1288
20 24 9402 6068 7648 5347 9138 8667 1568 2670 4992 5320 8975 3186 8999 5625 7673 7968 8113 3971 3857
21 29 1170 7451 1564 856 767 524 1176 2722 2478 8565 2283 1092 4956 9058 6445 6576 1327 4042 6080 5476
22 1664 3294 3160 4196 4875 1508 7663 380 3609 2192 624 7510 3061 2668 3771 2070 3206 5604 3719 4292 4987 1207
8 297 4583 7428 9890 950 6238 3705 8572
16 2944 2147 656 657 636 2021 7707 7720 3312 1021 9336 5432 707 9970 1730 1336
20 2356 6139 6155 8803 7686 2059 1487 7010 6426 8843 2063 2684 8946 8900 3179 2310 3158 2677 2840 3984
20 8204 8425 2422 9012 498 8173 7732 5603 6562 5140 4730 3296 548 6281 1858 7784 7235 2488 2373 9354
6 8088 3246 3284 5286 1602 6505
11 5424 8489 7357 9869 6474 2937 1762 7679 7362 1064 2704
20 268 7129 892 7406 9078 6922 6498 1460 7113 9754 1286 9295 5401 8230 6154 4447 5653 2830 5078 398
3 2559 9349 5059
9 961 1113 2649 6515 9600 9004 7416 4310 7586
21 9283 8630 3384 3317 6220 4409 2852 1768 9741 1736 9798 4122 2454 5961 6501 4577 6302 3447 9097 7201 900
22 372 3409 3976 720 3050 4602 6886 9232 3731 1199 1781 9739 6320 3359 6214 191 5215 4286 3591 3954 3543 2363
25 1888 1637 5500 6192 718 8747 2442 992 5238 4433 7749 4608 5384 4025 1119 5103 6768 4174 1484 5737 8165 1095 1760 1089 8371
12 2986 3826 4170 4630 977 8155 6247 230 9914 2376 6221 8046
18 8520 1090 5920 4205 3759 9731 2315 680 8344 3213 9621 6935 2889 6616 188 5637 4432 5423
20 8342 699 1177 1 141 8998 5062 6085 78 5326 5802 5850 2822 1788 9119 8503 4490 8453 6433 9243
17 8840 5743 1970 1430 2984 7903 3173 3635 985 9788 3324 1367 6112 8078 6113 1003 8280
1 2591
2 1874 4469
17 541 1323 5060 8786 7086 6503 8937 3205 6904 6389 6602 1538 7815 2812 8070 7115 5467
3 1194 5553 6834
21 445 3596 1674 9602 5285 8940 3468 3482 5465 320 581 2876 1056 6887 450 9567 8451 455 8701 5063 107
18 3281 6884 9806 2031 753 5375 3952 2867 9436 5851 8885 5736 7291 7705 1262 3792 7393 3643
7 9523 8932 8892 8348 8605 6665 3737
9 9799 3049 4437 5887 5756 8298 8571 8433 7937
18 2008 8792 4404 7994 4366 7693 6056 7296 4825 183 2214 179 1895 8837 2050 6514 2983 2862
3 8395 7464 8330
5 476 8397 7304 4817 7133
3 3149 6544 6285
2 1399 8994
21 4143 9733 7846 4761 8991 6729 5366 6630 2893 7610 6513 5479 4573 5762 73 488 7343 2457 7731 7487 5311
20 3471 4781 1363 5699 3915 6615 1281 388 698 412 6262 3748 7408 3890 8251 3229 737 5264 5149 1507
3 1778 2445 8825
19 55 7020 2495 640 9065 66 7633 2407 2234 4840 4950 9708 6229 1462 6759 6614 1642 3041 7676
8 5341 1784 1697 2896 8188 7383 5281 1652
8 9864 2412 4361 2592 9061 6775 7268 9198
20 6115 4984 9595 3833 9130 4017 7275 4824 8743 3256 8471 7997 165 3419 5749 2196 7496 1495 3825 1191
18 2912 5491 9744 6523 5433 8909 4089 8326 9072 4191 7892 5461 9787 2133 6840 5707 4095 6700
18 4687 739 2106 6327 8995 3315 4244 9322 8721 836 2844 9664 4492 6145 4261 831 3850 9532
18 2576 8783 9544 4863 4953 643 2702 852 9403 1533 9578 54 7836 8948 6481 8053 7983 1704
5 5332 4138 5138 5545 7559
4 5598 1024 1023 4417
16 6913 4635 7662 5437 9687 8031 600 8231 748 4210 4169 7051 7918 6917 5174 6586
19 4788 6877 1010 210 1913 3949 1415 1051 8339 7090 5520 9755 8914 3209 8929 2698 8221 1139 5524
23 4346 5227 3951 2957 4107 415 578 5221 1679 5708 9998 7285 2405 1894 8759 2354 1663 9146 392 2750 6419 325 2563
21 157 3651 8713 4910 5829 3783 3778 5298 8237 7630 8881 3774 7775 8095 5003 5644 4049 2019 5047 6918 2508
1 7110
6 1973 7990 9840 2148 6534 3349
19 5161 7512 1995 3200 2305 1627 7253 5409 8809 21 1747 5168 964 1321 9528 31 4220 6350 3711
1 5982
19 4495 7287 5487 4815 9625 9180 7477 8028 2710 5763 8720 3630 6511 6217 5703 9765 9885 6342 4795
19 3103 8302 493 6340 8187 156 8820 5094 8958 1486 4051 1108 5531 1077 579 1931 2271 1185 7509
20 6160 9128 3557 2663 4615 7643 7501 4358 614 7556 9583 1423 4333 6891 2815 1536 828 5616 3184 4308
9 9581 9052 1530 3068 9735 3530 5969 4177 8654
2 1735 5903
17 6965 8376 5540 1111 8445 379 4074 7363 7635 9663 7233 2057 6895 702 1526 7459 7986
19 1866 4648 1955 1843 2333 6969 4636 4802 5340 686 8077 2091 3852 6817 438 1599 9721 3043 4538
5 6424 2436 730 8816 3560
20 2941 1013 6455 7446 5054 6399 3829 3210 6622 7130 470 3001 2092 1354 1213 5536 4284 5688 8057 1540
18 5716 6404 8978 4686 7174 7364 2173 1282 4314 8624 1882 6124 4678 7450 5813 7943 4416 3259
19 580 8055 5890 2881 4938 5287 584 3752 9658 6543 4900 4548 3056 911 9714 5896 2890 4961 9339
19 585 3640 4184 1518 9705 2178 9647 4249 894 155 2003 6611 8276 5463 8508 685 4540 1174 966
2 499 9868
7 8406 4048 1956 6384 1573 1277 4120
18 2020 1609 4223 3510 4973 5344 408 3536 7265 25 9081 7241 148 2836 2608 3099 9117 4662
2 2660 6521
5 5381 5808 5307 7909 5646
20 7141 7612 5818 481 3717 6021 1046 3685 819 6495 5810 6431 8340 7947 5130 669 3523 3975 5390 7950
17 7799 7553 608 284 7787 6119 9068 7150 1037 7854 3431 6311 18 2666 9034 5542 5874
12 8728 1651 3603 4450 8895 9049 8913 6606 1456 7202 3237 5547
18 8179 8739 5425 3594 5830 8780 5070 6462 940 7844 6720 1766 8836 8888 226 2964 3797 1823
21 9979 8484 8774 6255 1628 5107 7682 2556 4832 8150 6298 3844 71 6355 5676 5198 9024 3413 7725 9013 8308
21 3008 4959 6164 7557 3583 8529 3393 7941 5001 7142 9624 7340 5639 2018 4005 4998 6976 4640 9056 8870 3978
15 7640 5237 332 4493 3181 377 5919 264 2759 787 8249 2886 2098 302 8908
11 6607 9851 8574 1260 6173 4344 1746 5684 7015 722 4277
20 9901 4260 2963 5369 6265 1685 3338 7762 7830 6306 2154 3438 5164 784 143 1362 4193 432 7601 7527
17 7911 1421 4003 9497 2075 6114 946 3389 1385 5178 4753 4901 4759 6624 4962 2873 5944
20 3457 5213 1251 6430 4709 5021 4209 6146 5908 2004 6564 7023 1446 3492 9290 471 7100 176 5647 2770
7 7346 1061 4181 329 3662 5312 3456
21 3743 2942 5466 3821 4405 3802 4119 5782 1875 8004 5502 1666 1919 1126 1085 3703 4272 3407 3687 5953 7338
2 3539 9569
13 6456 9996 1267 3191 5678 4139 5088 7457 7078 9740 2337 2597 4841
3 5406 2053 4023
18 3025 864 3129 9613 9576 876 847 2612 1979 3508 6988 5776 5812 1258 298 9909 3422 3626
2 364 3491
2 873 2430
18 7229 6199 8548 1186 4854 6013 5405 3432 6692 4152 3081 1333 7989 528 8581 2926 1304 5501
20 7088 7224 4807 7434 6078 4371 3624 938 7842 7094 4915 9258 1659 9973 1594 5563 5758 1837 5665 6828
18 489 2536 4624 9353 3502 4744 6460 4772 2777 7960 1400 4240 5669 4977 7996 7390 9967 7173
11 3692 8848 1030 9543 6634 310 4052 4339 994 3934 5273
21 6649 6849 2975 1218 2537 8856 5539 7386 2406 6910 9607 1670 6362 4436 4298 9448 9895 898 6242 1472 5224
19 2774 6329 5710 8040 5158 6089 6197 4722 5532 3828 3805 2155 4763 5895 7154 5544 998 3528 4732
16 8509 4414 661 6473 6647 8038 6898 592 2144 1253 884 5053 2637 5811 8622 2509
23 583 2738 5698 8784 1777 4024 5952 7729 6932 3811 1819 1435 4925 4439 6578 6792 5580 3613 8126 9977 6955 4488 4908
8 61 8459 7792 6003 908 3088 5334 5173
19 5343 1625 6307 7097 7342 799 4340 3323 5589 6687 8365 7878 822 2820 4556 4108 6388 2139 8138
17 5304 2424 6747 9385 5593 2343 9379 4235 9372 9672 6477 763 16 424 8523 4886 3517
6 6694 7704 7196 8553 1015 5894
19 6633 6752 9109 5674 5374 6121 2907 5794 8431 3682 8704 4381 3864 1940 9745 6051 6869 3464 2610
11 741 1438 4455 2626 5732 2999 7147 9642 8808 3914 7058
2 4011 4483
20 1528 1773 3396 9382 313 8190 7037 538 3292 1229 8886 5084 8056 4510 259 1636 3310 7906 9250 2276
20 5222 4546 2074 6128 3051 8785 105 4990 3570 991 5597 9966 9924 4599 7437 5773 770 6241 361 9329
17 1993 9852 7373 4940 1422 7680 7368 1316 4175 8971 8805 7290 1813 7069 2203 1020 7166
2 368 7773
19 4586 8699 6547 9341 4063 9505 3394 1096 2851 5950 3060 7059 7992 4364 1153 5900 8501 1622 2210
17 8420 4511 6125 984 6618 6319 129 1806 8936 4004 324 2970 7667 3718 5745 7625 1569
20 1353 1406 4112 5025 448 8085 9819 7162 5008 9644 594 5498 9760 440 8839 4570 1939 7739 4341 5244
2 5091 8722
5 7355 6583 8726 8740 9794
2 4467 7025
20 7877 3138 5282 8868 506 986 595 1160 8263 8182 4012 1525 7699 605 6889 0 5157 590 9990 5731
19 4066 6123 8629 8207 1949 1565 7971 7483 153 6264 3320 9661 8949 8411 7524 6464 5363 3863 2746
6 8564 2717 7972 5272 4671 1300
19 7318 8566 6420 8554 8768 7019 2966 3496 6880 693 4572 588 9599 9540 3125 3042 8384 2691 321
3 8559 7889 9287
2 7347 7061
10 8189 7677 565 7122 5141 9307 944 4926 3804 5760
20 8675 7180 1142 3199 8194 1459 2882 9919 8359 8526 8828 2872 5151 6074 3533 242 8374 888 8507 4474
4 6879 5513 644 1653
4 3291 3709 8319 2897
20 3564 3579 9691 4848 951 9743 9199 3694 2561 1918 5098 3374 9398 1542 7800 6035 2516 4133 8226 1731
2 9954 218
20 2327 1630 3424 5636 4826 5957 4914 2857 2270 9849 9826 9489 362 1049 3927 7057 3223 1137 5265 1226
6 9411 3575 2520 4421 4838 1018